[debug] [2019-12-01T16:10:45.881Z] ----------------------------------------------------------------------
[debug] [2019-12-01T16:10:45.885Z] Command:       /usr/bin/node /usr/local/bin/firebase serve
[debug] [2019-12-01T16:10:45.885Z] CLI Version:   7.7.0
[debug] [2019-12-01T16:10:45.885Z] Platform:      linux
[debug] [2019-12-01T16:10:45.885Z] Node Version:  v8.16.2
[debug] [2019-12-01T16:10:45.885Z] Time:          Mon Dec 02 2019 00:10:45 GMT+0800 (HKT)
[debug] [2019-12-01T16:10:45.885Z] ----------------------------------------------------------------------
[debug] [2019-12-01T16:10:45.885Z] 
[debug] [2019-12-01T16:10:45.895Z] > command requires scopes: ["email","openid","https://www.googleapis.com/auth/cloudplatformprojects.readonly","https://www.googleapis.com/auth/firebase","https://www.googleapis.com/auth/cloud-platform"]
[debug] [2019-12-01T16:10:45.895Z] > authorizing via signed-in user
[debug] [2019-12-01T16:10:45.895Z] [iam] checking project data-gov-hk-tryout for permissions ["firebase.projects.get"]
[debug] [2019-12-01T16:10:45.898Z] >>> HTTP REQUEST POST https://cloudresourcemanager.googleapis.com/v1/projects/data-gov-hk-tryout:testIamPermissions  

[debug] [2019-12-01T16:10:46.950Z] <<< HTTP RESPONSE 200
[debug] [2019-12-01T16:10:46.953Z] >>> HTTP REQUEST GET https://firebase.googleapis.com/v1beta1/projects/data-gov-hk-tryout  
 
[debug] [2019-12-01T16:10:47.565Z] <<< HTTP RESPONSE 200
[info] 
[info] === Serving from '/home/logic/_workspace/vote-registration-statistic/doc_gen'...
[info] 
[info] ✔  functions: Using node@8 from host.
[info] ✔  functions: Emulator started at http://localhost:5000
[info] i  functions: Watching "/home/logic/_workspace/vote-registration-statistic/doc_gen/functions" for Cloud Functions...
[debug] [2019-12-01T16:10:47.869Z] [worker-~diagnostic~-e6b691ee-b07c-498c-b39d-5d832aed2048]: BUSY
[debug] [2019-12-01T16:10:48.429Z] [runtime-status] Functions runtime initialized. {"cwd":"/home/logic/_workspace/vote-registration-statistic/doc_gen/functions","node_version":"8.16.2"}
[debug] [2019-12-01T16:10:48.431Z] [runtime-status] Disabled runtime features: {"functions_config_helper":true,"network_filtering":true,"timeout":true,"memory_limiting":true,"admin_stubs":true} {}
[debug] [2019-12-01T16:10:48.434Z] [runtime-status] Resolved module firebase-admin {"declared":true,"installed":true,"version":"8.8.0","resolution":"/home/logic/_workspace/vote-registration-statistic/doc_gen/node_modules/firebase-admin/lib/index.js"}
[debug] [2019-12-01T16:10:48.435Z] [runtime-status] Resolved module firebase-functions {"declared":true,"installed":true,"version":"3.3.0","resolution":"/home/logic/_workspace/vote-registration-statistic/doc_gen/node_modules/firebase-functions/lib/index.js"}
[debug] [2019-12-01T16:10:48.436Z] [runtime-status] Resolved module firebase-functions {"declared":true,"installed":true,"version":"3.3.0","resolution":"/home/logic/_workspace/vote-registration-statistic/doc_gen/node_modules/firebase-functions/lib/index.js"}
[info] ✔  functions[helloWorld]: http function initialized (http://localhost:5000/data-gov-hk-tryout/us-central1/helloWorld).
[info] ✔  functions[getCSV]: http function initialized (http://localhost:5000/data-gov-hk-tryout/us-central1/getCSV).
[info] ✔  functions[getJSON]: http function initialized (http://localhost:5000/data-gov-hk-tryout/us-central1/getJSON).
[debug] [2019-12-01T16:10:48.535Z] [worker-~diagnostic~-e6b691ee-b07c-498c-b39d-5d832aed2048]: exited
[debug] [2019-12-01T16:10:48.536Z] [worker-~diagnostic~-e6b691ee-b07c-498c-b39d-5d832aed2048]: FINISHED
[debug] [2019-12-01T16:11:02.234Z] Accepted request GET /data-gov-hk-tryout/us-central1/getCSV?q=https://www.ams.gov.hk/amsopendata/keyPerformanceMeasure_en.csv&max_row=3 --> getCSV
[debug] [2019-12-01T16:11:02.241Z] [worker-getCSV-0b9fbd06-1b5a-4de4-8172-d8051f16e429]: BUSY
[debug] [2019-12-01T16:11:02.651Z] [runtime-status] Functions runtime initialized. {"cwd":"/home/logic/_workspace/vote-registration-statistic/doc_gen/functions","node_version":"8.16.2"}
[debug] [2019-12-01T16:11:02.655Z] [runtime-status] Disabled runtime features: {"functions_config_helper":true,"network_filtering":true,"timeout":true,"memory_limiting":true,"admin_stubs":true} {}
[debug] [2019-12-01T16:11:02.657Z] [runtime-status] Resolved module firebase-admin {"declared":true,"installed":true,"version":"8.8.0","resolution":"/home/logic/_workspace/vote-registration-statistic/doc_gen/node_modules/firebase-admin/lib/index.js"}
[debug] [2019-12-01T16:11:02.659Z] [runtime-status] Resolved module firebase-functions {"declared":true,"installed":true,"version":"3.3.0","resolution":"/home/logic/_workspace/vote-registration-statistic/doc_gen/node_modules/firebase-functions/lib/index.js"}
[debug] [2019-12-01T16:11:02.660Z] [runtime-status] Resolved module firebase-functions {"declared":true,"installed":true,"version":"3.3.0","resolution":"/home/logic/_workspace/vote-registration-statistic/doc_gen/node_modules/firebase-functions/lib/index.js"}
[debug] [2019-12-01T16:11:02.743Z] [runtime-status] Trigger "getCSV" has been found, beginning invocation! {}
[info] i  functions: Beginning execution of "getCSV"
[debug] [2019-12-01T16:11:02.744Z] [runtime-status]  {"httpsTrigger":{},"name":"getCSV","entryPoint":"getCSV"}
[debug] [2019-12-01T16:11:02.744Z] [runtime-status] Running getCSV in mode HTTPS {}
[debug] [2019-12-01T16:11:02.756Z] {"socketPath":"/tmp/firebase_emulator_invocation_2653.sock"}
[debug] [2019-12-01T16:11:02.760Z] [functions] Runtime ready! Sending request! {"socketPath":"/tmp/firebase_emulator_invocation_2653.sock"}
[debug] [2019-12-01T16:11:02.774Z] [runtime-status] Ephemeral server used! {}
[debug] [2019-12-01T16:11:02.801Z] [runtime-status] Ephemeral server survived. {}
[info] >  ReferenceError: max_chop_len is not defined
[info] >      at chopCSVReply (/home/logic/_workspace/vote-registration-statistic/doc_gen/functions/index.js:25:31)
[info] >      at cors (/home/logic/_workspace/vote-registration-statistic/doc_gen/functions/index.js:50:11)
[info] >      at cors (/home/logic/_workspace/vote-registration-statistic/doc_gen/node_modules/cors/lib/index.js:188:7)
[info] >      at /home/logic/_workspace/vote-registration-statistic/doc_gen/node_modules/cors/lib/index.js:224:17
[info] >      at originCallback (/home/logic/_workspace/vote-registration-statistic/doc_gen/node_modules/cors/lib/index.js:214:15)
[info] >      at /home/logic/_workspace/vote-registration-statistic/doc_gen/node_modules/cors/lib/index.js:219:13
[info] >      at optionsCallback (/home/logic/_workspace/vote-registration-statistic/doc_gen/node_modules/cors/lib/index.js:199:9)
[info] >      at corsMiddleware (/home/logic/_workspace/vote-registration-statistic/doc_gen/node_modules/cors/lib/index.js:204:7)
[info] >      at fetch.then.then.res_text (/home/logic/_workspace/vote-registration-statistic/doc_gen/functions/index.js:48:14)
[info] >      at <anonymous>
[debug] [2019-12-01T16:11:33.442Z] Accepted request GET /data-gov-hk-tryout/us-central1/getCSV?q=https://www.afcd.gov.hk/data/tree_walks_tc.csv&max_row=undefined --> getCSV
[debug] [2019-12-01T16:11:33.448Z] [worker-getCSV-3f30e6ab-6d9f-4366-8966-917e4918d74b]: BUSY
[debug] [2019-12-01T16:11:34.011Z] [runtime-status] Functions runtime initialized. {"cwd":"/home/logic/_workspace/vote-registration-statistic/doc_gen/functions","node_version":"8.16.2"}
[debug] [2019-12-01T16:11:34.015Z] [runtime-status] Disabled runtime features: {"functions_config_helper":true,"network_filtering":true,"timeout":true,"memory_limiting":true,"admin_stubs":true} {}
[debug] [2019-12-01T16:11:34.017Z] [runtime-status] Resolved module firebase-admin {"declared":true,"installed":true,"version":"8.8.0","resolution":"/home/logic/_workspace/vote-registration-statistic/doc_gen/node_modules/firebase-admin/lib/index.js"}
[debug] [2019-12-01T16:11:34.019Z] [runtime-status] Resolved module firebase-functions {"declared":true,"installed":true,"version":"3.3.0","resolution":"/home/logic/_workspace/vote-registration-statistic/doc_gen/node_modules/firebase-functions/lib/index.js"}
[debug] [2019-12-01T16:11:34.020Z] [runtime-status] Resolved module firebase-functions {"declared":true,"installed":true,"version":"3.3.0","resolution":"/home/logic/_workspace/vote-registration-statistic/doc_gen/node_modules/firebase-functions/lib/index.js"}
[debug] [2019-12-01T16:11:34.102Z] [runtime-status] Trigger "getCSV" has been found, beginning invocation! {}
[info] i  functions: Beginning execution of "getCSV"
[debug] [2019-12-01T16:11:34.103Z] [runtime-status]  {"httpsTrigger":{},"name":"getCSV","entryPoint":"getCSV"}
[debug] [2019-12-01T16:11:34.103Z] [runtime-status] Running getCSV in mode HTTPS {}
[debug] [2019-12-01T16:11:34.114Z] {"socketPath":"/tmp/firebase_emulator_invocation_3125.sock"}
[debug] [2019-12-01T16:11:34.118Z] [functions] Runtime ready! Sending request! {"socketPath":"/tmp/firebase_emulator_invocation_3125.sock"}
[debug] [2019-12-01T16:11:34.132Z] [runtime-status] Ephemeral server used! {}
[debug] [2019-12-01T16:11:34.159Z] [runtime-status] Ephemeral server survived. {}
[info] i  functions: Finished "getCSV" in ~1s
[debug] [2019-12-01T16:11:34.537Z] [worker-getCSV-3f30e6ab-6d9f-4366-8966-917e4918d74b]: IDLE
[debug] [2019-12-01T16:11:51.009Z] Accepted request GET /data-gov-hk-tryout/us-central1/getCSV?q=https://www.ams.gov.hk/amsopendata/keyPerformanceMeasure_en.csv&max_row=3 --> getCSV
[debug] [2019-12-01T16:11:51.009Z] [worker-getCSV-3f30e6ab-6d9f-4366-8966-917e4918d74b]: BUSY
[debug] [2019-12-01T16:11:51.010Z] [runtime-status] Trigger "getCSV" has been found, beginning invocation! {}
[info] i  functions: Beginning execution of "getCSV"
[debug] [2019-12-01T16:11:51.011Z] [runtime-status]  {"httpsTrigger":{},"name":"getCSV","entryPoint":"getCSV"}
[debug] [2019-12-01T16:11:51.011Z] [runtime-status] Running getCSV in mode HTTPS {}
[debug] [2019-12-01T16:11:51.012Z] {"socketPath":"/tmp/firebase_emulator_invocation_3125.sock"}
[debug] [2019-12-01T16:11:51.013Z] [functions] Runtime ready! Sending request! {"socketPath":"/tmp/firebase_emulator_invocation_3125.sock"}
[debug] [2019-12-01T16:11:51.017Z] [runtime-status] Ephemeral server used! {}
[debug] [2019-12-01T16:11:51.019Z] [runtime-status] Ephemeral server survived. {}
[info] >  ReferenceError: max_chop_len is not defined
[info] >      at chopCSVReply (/home/logic/_workspace/vote-registration-statistic/doc_gen/functions/index.js:25:31)
[info] >      at cors (/home/logic/_workspace/vote-registration-statistic/doc_gen/functions/index.js:50:11)
[info] >      at cors (/home/logic/_workspace/vote-registration-statistic/doc_gen/node_modules/cors/lib/index.js:188:7)
[info] >      at /home/logic/_workspace/vote-registration-statistic/doc_gen/node_modules/cors/lib/index.js:224:17
[info] >      at originCallback (/home/logic/_workspace/vote-registration-statistic/doc_gen/node_modules/cors/lib/index.js:214:15)
[info] >      at /home/logic/_workspace/vote-registration-statistic/doc_gen/node_modules/cors/lib/index.js:219:13
[info] >      at optionsCallback (/home/logic/_workspace/vote-registration-statistic/doc_gen/node_modules/cors/lib/index.js:199:9)
[info] >      at corsMiddleware (/home/logic/_workspace/vote-registration-statistic/doc_gen/node_modules/cors/lib/index.js:204:7)
[info] >      at fetch.then.then.res_text (/home/logic/_workspace/vote-registration-statistic/doc_gen/functions/index.js:48:14)
[info] >      at <anonymous>
[debug] [2019-12-01T16:11:52.504Z] Accepted request GET /data-gov-hk-tryout/us-central1/getCSV?q=http://hk.centanet.com/opendata/CCI%20Estate%20for%20Opendata.csv&max_row=3 --> getCSV
[debug] [2019-12-01T16:11:52.510Z] [worker-getCSV-2d4c788e-2e8f-492c-8255-ef53c193fd84]: BUSY
[debug] [2019-12-01T16:11:52.912Z] [runtime-status] Functions runtime initialized. {"cwd":"/home/logic/_workspace/vote-registration-statistic/doc_gen/functions","node_version":"8.16.2"}
[debug] [2019-12-01T16:11:52.915Z] [runtime-status] Disabled runtime features: {"functions_config_helper":true,"network_filtering":true,"timeout":true,"memory_limiting":true,"admin_stubs":true} {}
[debug] [2019-12-01T16:11:52.918Z] [runtime-status] Resolved module firebase-admin {"declared":true,"installed":true,"version":"8.8.0","resolution":"/home/logic/_workspace/vote-registration-statistic/doc_gen/node_modules/firebase-admin/lib/index.js"}
[debug] [2019-12-01T16:11:52.919Z] [runtime-status] Resolved module firebase-functions {"declared":true,"installed":true,"version":"3.3.0","resolution":"/home/logic/_workspace/vote-registration-statistic/doc_gen/node_modules/firebase-functions/lib/index.js"}
[debug] [2019-12-01T16:11:52.920Z] [runtime-status] Resolved module firebase-functions {"declared":true,"installed":true,"version":"3.3.0","resolution":"/home/logic/_workspace/vote-registration-statistic/doc_gen/node_modules/firebase-functions/lib/index.js"}
[debug] [2019-12-01T16:11:53.009Z] [runtime-status] Trigger "getCSV" has been found, beginning invocation! {}
[info] i  functions: Beginning execution of "getCSV"
[debug] [2019-12-01T16:11:53.009Z] [runtime-status]  {"httpsTrigger":{},"name":"getCSV","entryPoint":"getCSV"}
[debug] [2019-12-01T16:11:53.009Z] [runtime-status] Running getCSV in mode HTTPS {}
[debug] [2019-12-01T16:11:53.021Z] {"socketPath":"/tmp/firebase_emulator_invocation_4361.sock"}
[debug] [2019-12-01T16:11:53.023Z] [functions] Runtime ready! Sending request! {"socketPath":"/tmp/firebase_emulator_invocation_4361.sock"}
[debug] [2019-12-01T16:11:53.035Z] [runtime-status] Ephemeral server used! {}
[debug] [2019-12-01T16:11:53.049Z] [runtime-status] Ephemeral server survived. {}
[info] >  ReferenceError: max_chop_len is not defined
[info] >      at chopCSVReply (/home/logic/_workspace/vote-registration-statistic/doc_gen/functions/index.js:25:31)
[info] >      at cors (/home/logic/_workspace/vote-registration-statistic/doc_gen/functions/index.js:50:11)
[info] >      at cors (/home/logic/_workspace/vote-registration-statistic/doc_gen/node_modules/cors/lib/index.js:188:7)
[info] >      at /home/logic/_workspace/vote-registration-statistic/doc_gen/node_modules/cors/lib/index.js:224:17
[info] >      at originCallback (/home/logic/_workspace/vote-registration-statistic/doc_gen/node_modules/cors/lib/index.js:214:15)
[info] >      at /home/logic/_workspace/vote-registration-statistic/doc_gen/node_modules/cors/lib/index.js:219:13
[info] >      at optionsCallback (/home/logic/_workspace/vote-registration-statistic/doc_gen/node_modules/cors/lib/index.js:199:9)
[info] >      at corsMiddleware (/home/logic/_workspace/vote-registration-statistic/doc_gen/node_modules/cors/lib/index.js:204:7)
[info] >      at fetch.then.then.res_text (/home/logic/_workspace/vote-registration-statistic/doc_gen/functions/index.js:48:14)
[info] >      at <anonymous>
[debug] [2019-12-01T16:12:13.597Z] File /home/logic/_workspace/vote-registration-statistic/doc_gen/functions/index.js changed, reloading triggers
[debug] [2019-12-01T16:12:13.942Z] Accepted request GET /data-gov-hk-tryout/us-central1/getCSV?q=https://istartup.hk/opendata/casp/casp.csv&max_row=3 --> getCSV
[debug] [2019-12-01T16:12:13.947Z] [worker-getCSV-fad08fe9-4369-4d36-901d-2d6e6a4a0161]: BUSY
[debug] [2019-12-01T16:12:14.348Z] [runtime-status] Functions runtime initialized. {"cwd":"/home/logic/_workspace/vote-registration-statistic/doc_gen/functions","node_version":"8.16.2"}
[debug] [2019-12-01T16:12:14.351Z] [runtime-status] Disabled runtime features: {"functions_config_helper":true,"network_filtering":true,"timeout":true,"memory_limiting":true,"admin_stubs":true} {}
[debug] [2019-12-01T16:12:14.354Z] [runtime-status] Resolved module firebase-admin {"declared":true,"installed":true,"version":"8.8.0","resolution":"/home/logic/_workspace/vote-registration-statistic/doc_gen/node_modules/firebase-admin/lib/index.js"}
[debug] [2019-12-01T16:12:14.356Z] [runtime-status] Resolved module firebase-functions {"declared":true,"installed":true,"version":"3.3.0","resolution":"/home/logic/_workspace/vote-registration-statistic/doc_gen/node_modules/firebase-functions/lib/index.js"}
[debug] [2019-12-01T16:12:14.357Z] [runtime-status] Resolved module firebase-functions {"declared":true,"installed":true,"version":"3.3.0","resolution":"/home/logic/_workspace/vote-registration-statistic/doc_gen/node_modules/firebase-functions/lib/index.js"}
[debug] [2019-12-01T16:12:14.440Z] [runtime-status] Trigger "getCSV" has been found, beginning invocation! {}
[info] i  functions: Beginning execution of "getCSV"
[debug] [2019-12-01T16:12:14.441Z] [runtime-status]  {"httpsTrigger":{},"name":"getCSV","entryPoint":"getCSV"}
[debug] [2019-12-01T16:12:14.441Z] [runtime-status] Running getCSV in mode HTTPS {}
[debug] [2019-12-01T16:12:14.454Z] {"socketPath":"/tmp/firebase_emulator_invocation_4652.sock"}
[debug] [2019-12-01T16:12:14.455Z] [functions] Runtime ready! Sending request! {"socketPath":"/tmp/firebase_emulator_invocation_4652.sock"}
[debug] [2019-12-01T16:12:14.467Z] [runtime-status] Ephemeral server used! {}
[debug] [2019-12-01T16:12:14.494Z] [runtime-status] Ephemeral server survived. {}
[debug] [2019-12-01T16:12:14.598Z] [worker-pool]: Marking BUSY worker to finish (getCSV)
[debug] [2019-12-01T16:12:14.598Z] [worker-getCSV-0b9fbd06-1b5a-4de4-8172-d8051f16e429]: FINISHING
[debug] [2019-12-01T16:12:14.598Z] [worker-pool]: Marking BUSY worker to finish (getCSV)
[debug] [2019-12-01T16:12:14.598Z] [worker-getCSV-3f30e6ab-6d9f-4366-8966-917e4918d74b]: FINISHING
[debug] [2019-12-01T16:12:14.598Z] [worker-pool]: Marking BUSY worker to finish (getCSV)
[debug] [2019-12-01T16:12:14.598Z] [worker-getCSV-2d4c788e-2e8f-492c-8255-ef53c193fd84]: FINISHING
[debug] [2019-12-01T16:12:14.598Z] [worker-pool]: Marking BUSY worker to finish (getCSV)
[debug] [2019-12-01T16:12:14.599Z] [worker-getCSV-fad08fe9-4369-4d36-901d-2d6e6a4a0161]: FINISHING
[debug] [2019-12-01T16:12:14.604Z] [worker-~diagnostic~-36bb2892-4fd4-4b9f-9b3a-da6a4e85a646]: BUSY
[info] i  functions: Finished "getCSV" in ~1s
[debug] [2019-12-01T16:12:14.695Z] [worker-getCSV-fad08fe9-4369-4d36-901d-2d6e6a4a0161]: IDLE --> FINISHING
[debug] [2019-12-01T16:12:14.700Z] [worker-getCSV-fad08fe9-4369-4d36-901d-2d6e6a4a0161]: exited
[debug] [2019-12-01T16:12:14.700Z] [worker-getCSV-fad08fe9-4369-4d36-901d-2d6e6a4a0161]: FINISHED
[debug] [2019-12-01T16:12:15.001Z] [runtime-status] Functions runtime initialized. {"cwd":"/home/logic/_workspace/vote-registration-statistic/doc_gen/functions","node_version":"8.16.2"}
[debug] [2019-12-01T16:12:15.005Z] [runtime-status] Disabled runtime features: {"functions_config_helper":true,"network_filtering":true,"timeout":true,"memory_limiting":true,"admin_stubs":true} {}
[debug] [2019-12-01T16:12:15.008Z] [runtime-status] Resolved module firebase-admin {"declared":true,"installed":true,"version":"8.8.0","resolution":"/home/logic/_workspace/vote-registration-statistic/doc_gen/node_modules/firebase-admin/lib/index.js"}
[debug] [2019-12-01T16:12:15.009Z] [runtime-status] Resolved module firebase-functions {"declared":true,"installed":true,"version":"3.3.0","resolution":"/home/logic/_workspace/vote-registration-statistic/doc_gen/node_modules/firebase-functions/lib/index.js"}
[debug] [2019-12-01T16:12:15.011Z] [runtime-status] Resolved module firebase-functions {"declared":true,"installed":true,"version":"3.3.0","resolution":"/home/logic/_workspace/vote-registration-statistic/doc_gen/node_modules/firebase-functions/lib/index.js"}
[debug] [2019-12-01T16:12:15.113Z] [worker-~diagnostic~-36bb2892-4fd4-4b9f-9b3a-da6a4e85a646]: exited
[debug] [2019-12-01T16:12:15.113Z] [worker-~diagnostic~-36bb2892-4fd4-4b9f-9b3a-da6a4e85a646]: FINISHED
[debug] [2019-12-01T16:12:18.242Z] Accepted request GET /data-gov-hk-tryout/us-central1/getCSV?q=https://istartup.hk/opendata/ccmf/ccmf.csv&max_row=3 --> getCSV
[debug] [2019-12-01T16:12:18.249Z] [worker-getCSV-6ce51a71-ba3b-4c3f-97d5-c7726c63f003]: BUSY
[debug] [2019-12-01T16:12:18.274Z] Accepted request GET /data-gov-hk-tryout/us-central1/getCSV?q=https://istartup.hk/opendata/cev/cyberport_event.csv&max_row=3 --> getCSV
[debug] [2019-12-01T16:12:18.279Z] [worker-getCSV-916333ba-53dc-4380-9436-03a522eb7020]: BUSY
[debug] [2019-12-01T16:12:18.819Z] [runtime-status] Functions runtime initialized. {"cwd":"/home/logic/_workspace/vote-registration-statistic/doc_gen/functions","node_version":"8.16.2"}
[debug] [2019-12-01T16:12:18.824Z] [runtime-status] Disabled runtime features: {"functions_config_helper":true,"network_filtering":true,"timeout":true,"memory_limiting":true,"admin_stubs":true} {}
[debug] [2019-12-01T16:12:18.826Z] [runtime-status] Resolved module firebase-admin {"declared":true,"installed":true,"version":"8.8.0","resolution":"/home/logic/_workspace/vote-registration-statistic/doc_gen/node_modules/firebase-admin/lib/index.js"}
[debug] [2019-12-01T16:12:18.827Z] [runtime-status] Resolved module firebase-functions {"declared":true,"installed":true,"version":"3.3.0","resolution":"/home/logic/_workspace/vote-registration-statistic/doc_gen/node_modules/firebase-functions/lib/index.js"}
[debug] [2019-12-01T16:12:18.829Z] [runtime-status] Resolved module firebase-functions {"declared":true,"installed":true,"version":"3.3.0","resolution":"/home/logic/_workspace/vote-registration-statistic/doc_gen/node_modules/firebase-functions/lib/index.js"}
[debug] [2019-12-01T16:12:18.837Z] [runtime-status] Functions runtime initialized. {"cwd":"/home/logic/_workspace/vote-registration-statistic/doc_gen/functions","node_version":"8.16.2"}
[debug] [2019-12-01T16:12:18.841Z] [runtime-status] Disabled runtime features: {"functions_config_helper":true,"network_filtering":true,"timeout":true,"memory_limiting":true,"admin_stubs":true} {}
[debug] [2019-12-01T16:12:18.844Z] [runtime-status] Resolved module firebase-admin {"declared":true,"installed":true,"version":"8.8.0","resolution":"/home/logic/_workspace/vote-registration-statistic/doc_gen/node_modules/firebase-admin/lib/index.js"}
[debug] [2019-12-01T16:12:18.845Z] [runtime-status] Resolved module firebase-functions {"declared":true,"installed":true,"version":"3.3.0","resolution":"/home/logic/_workspace/vote-registration-statistic/doc_gen/node_modules/firebase-functions/lib/index.js"}
[debug] [2019-12-01T16:12:18.846Z] [runtime-status] Resolved module firebase-functions {"declared":true,"installed":true,"version":"3.3.0","resolution":"/home/logic/_workspace/vote-registration-statistic/doc_gen/node_modules/firebase-functions/lib/index.js"}
[debug] [2019-12-01T16:12:18.910Z] [runtime-status] Trigger "getCSV" has been found, beginning invocation! {}
[info] i  functions: Beginning execution of "getCSV"
[debug] [2019-12-01T16:12:18.911Z] [runtime-status]  {"httpsTrigger":{},"name":"getCSV","entryPoint":"getCSV"}
[debug] [2019-12-01T16:12:18.911Z] [runtime-status] Running getCSV in mode HTTPS {}
[debug] [2019-12-01T16:12:18.923Z] {"socketPath":"/tmp/firebase_emulator_invocation_4737.sock"}
[debug] [2019-12-01T16:12:18.925Z] [functions] Runtime ready! Sending request! {"socketPath":"/tmp/firebase_emulator_invocation_4737.sock"}
[debug] [2019-12-01T16:12:18.931Z] [runtime-status] Trigger "getCSV" has been found, beginning invocation! {}
[info] i  functions: Beginning execution of "getCSV"
[debug] [2019-12-01T16:12:18.932Z] [runtime-status]  {"httpsTrigger":{},"name":"getCSV","entryPoint":"getCSV"}
[debug] [2019-12-01T16:12:18.932Z] [runtime-status] Running getCSV in mode HTTPS {}
[debug] [2019-12-01T16:12:18.937Z] [runtime-status] Ephemeral server used! {}
[debug] [2019-12-01T16:12:18.944Z] {"socketPath":"/tmp/firebase_emulator_invocation_4743.sock"}
[debug] [2019-12-01T16:12:18.945Z] [functions] Runtime ready! Sending request! {"socketPath":"/tmp/firebase_emulator_invocation_4743.sock"}
[debug] [2019-12-01T16:12:18.956Z] Accepted request GET /data-gov-hk-tryout/us-central1/getCSV?q=https://istartup.hk/opendata/cip/cip.csv&max_row=3 --> getCSV
[debug] [2019-12-01T16:12:18.963Z] [worker-getCSV-bf63f75b-14d3-40df-a3ea-ae969ad10568]: BUSY
[debug] [2019-12-01T16:12:18.964Z] [runtime-status] Ephemeral server used! {}
[debug] [2019-12-01T16:12:18.965Z] [runtime-status] Ephemeral server survived. {}
[debug] [2019-12-01T16:12:18.989Z] [runtime-status] Ephemeral server survived. {}
[info] i  functions: Finished "getCSV" in ~1s
[debug] [2019-12-01T16:12:19.176Z] [worker-getCSV-6ce51a71-ba3b-4c3f-97d5-c7726c63f003]: IDLE
[info] i  functions: Finished "getCSV" in ~1s
[debug] [2019-12-01T16:12:19.190Z] [worker-getCSV-916333ba-53dc-4380-9436-03a522eb7020]: IDLE
[debug] [2019-12-01T16:12:19.354Z] [runtime-status] Functions runtime initialized. {"cwd":"/home/logic/_workspace/vote-registration-statistic/doc_gen/functions","node_version":"8.16.2"}
[debug] [2019-12-01T16:12:19.357Z] [runtime-status] Disabled runtime features: {"functions_config_helper":true,"network_filtering":true,"timeout":true,"memory_limiting":true,"admin_stubs":true} {}
[debug] [2019-12-01T16:12:19.360Z] [runtime-status] Resolved module firebase-admin {"declared":true,"installed":true,"version":"8.8.0","resolution":"/home/logic/_workspace/vote-registration-statistic/doc_gen/node_modules/firebase-admin/lib/index.js"}
[debug] [2019-12-01T16:12:19.361Z] [runtime-status] Resolved module firebase-functions {"declared":true,"installed":true,"version":"3.3.0","resolution":"/home/logic/_workspace/vote-registration-statistic/doc_gen/node_modules/firebase-functions/lib/index.js"}
[debug] [2019-12-01T16:12:19.362Z] [runtime-status] Resolved module firebase-functions {"declared":true,"installed":true,"version":"3.3.0","resolution":"/home/logic/_workspace/vote-registration-statistic/doc_gen/node_modules/firebase-functions/lib/index.js"}
[debug] [2019-12-01T16:12:19.446Z] [runtime-status] Trigger "getCSV" has been found, beginning invocation! {}
[info] i  functions: Beginning execution of "getCSV"
[debug] [2019-12-01T16:12:19.446Z] [runtime-status]  {"httpsTrigger":{},"name":"getCSV","entryPoint":"getCSV"}
[debug] [2019-12-01T16:12:19.448Z] [runtime-status] Running getCSV in mode HTTPS {}
[debug] [2019-12-01T16:12:19.459Z] {"socketPath":"/tmp/firebase_emulator_invocation_4768.sock"}
[debug] [2019-12-01T16:12:19.460Z] [functions] Runtime ready! Sending request! {"socketPath":"/tmp/firebase_emulator_invocation_4768.sock"}
[debug] [2019-12-01T16:12:19.478Z] [runtime-status] Ephemeral server used! {}
[debug] [2019-12-01T16:12:19.512Z] [runtime-status] Ephemeral server survived. {}
[info] i  functions: Finished "getCSV" in ~1s
[debug] [2019-12-01T16:12:19.721Z] [worker-getCSV-bf63f75b-14d3-40df-a3ea-ae969ad10568]: IDLE
[debug] [2019-12-01T16:12:23.512Z] Accepted request GET /data-gov-hk-tryout/us-central1/getCSV?q=https://www.ams.gov.hk/amsopendata/keyPerformanceMeasure_en.csv&max_row=3 --> getCSV
[debug] [2019-12-01T16:12:23.513Z] [worker-getCSV-6ce51a71-ba3b-4c3f-97d5-c7726c63f003]: BUSY
[debug] [2019-12-01T16:12:23.514Z] [runtime-status] Trigger "getCSV" has been found, beginning invocation! {}
[info] i  functions: Beginning execution of "getCSV"
[debug] [2019-12-01T16:12:23.514Z] [runtime-status]  {"httpsTrigger":{},"name":"getCSV","entryPoint":"getCSV"}
[debug] [2019-12-01T16:12:23.514Z] [runtime-status] Running getCSV in mode HTTPS {}
[debug] [2019-12-01T16:12:23.516Z] {"socketPath":"/tmp/firebase_emulator_invocation_4737.sock"}
[debug] [2019-12-01T16:12:23.517Z] [functions] Runtime ready! Sending request! {"socketPath":"/tmp/firebase_emulator_invocation_4737.sock"}
[debug] [2019-12-01T16:12:23.522Z] [runtime-status] Ephemeral server used! {}
[debug] [2019-12-01T16:12:23.527Z] [runtime-status] Ephemeral server survived. {}
[info] i  functions: Finished "getCSV" in ~1s
[debug] [2019-12-01T16:12:24.128Z] [worker-getCSV-6ce51a71-ba3b-4c3f-97d5-c7726c63f003]: IDLE
[debug] [2019-12-01T16:12:49.053Z] File /home/logic/_workspace/vote-registration-statistic/doc_gen/functions/index.js changed, reloading triggers
[debug] [2019-12-01T16:12:50.054Z] [worker-pool]: Shutting down IDLE worker (getCSV)
[debug] [2019-12-01T16:12:50.055Z] [worker-pool]: Shutting down IDLE worker (getCSV)
[debug] [2019-12-01T16:12:50.056Z] [worker-pool]: Shutting down IDLE worker (getCSV)
[debug] [2019-12-01T16:12:50.064Z] [worker-~diagnostic~-decb7323-121d-4d3a-a51d-d2cb50160f67]: BUSY
[debug] [2019-12-01T16:12:50.066Z] [worker-getCSV-6ce51a71-ba3b-4c3f-97d5-c7726c63f003]: exited
[debug] [2019-12-01T16:12:50.066Z] [worker-getCSV-6ce51a71-ba3b-4c3f-97d5-c7726c63f003]: FINISHED
[debug] [2019-12-01T16:12:50.066Z] [worker-getCSV-916333ba-53dc-4380-9436-03a522eb7020]: exited
[debug] [2019-12-01T16:12:50.066Z] [worker-getCSV-916333ba-53dc-4380-9436-03a522eb7020]: FINISHED
[debug] [2019-12-01T16:12:50.067Z] [worker-getCSV-bf63f75b-14d3-40df-a3ea-ae969ad10568]: exited
[debug] [2019-12-01T16:12:50.067Z] [worker-getCSV-bf63f75b-14d3-40df-a3ea-ae969ad10568]: FINISHED
[debug] [2019-12-01T16:12:50.456Z] [runtime-status] Functions runtime initialized. {"cwd":"/home/logic/_workspace/vote-registration-statistic/doc_gen/functions","node_version":"8.16.2"}
[debug] [2019-12-01T16:12:50.459Z] [runtime-status] Disabled runtime features: {"functions_config_helper":true,"network_filtering":true,"timeout":true,"memory_limiting":true,"admin_stubs":true} {}
[debug] [2019-12-01T16:12:50.462Z] [runtime-status] Resolved module firebase-admin {"declared":true,"installed":true,"version":"8.8.0","resolution":"/home/logic/_workspace/vote-registration-statistic/doc_gen/node_modules/firebase-admin/lib/index.js"}
[debug] [2019-12-01T16:12:50.463Z] [runtime-status] Resolved module firebase-functions {"declared":true,"installed":true,"version":"3.3.0","resolution":"/home/logic/_workspace/vote-registration-statistic/doc_gen/node_modules/firebase-functions/lib/index.js"}
[debug] [2019-12-01T16:12:50.464Z] [runtime-status] Resolved module firebase-functions {"declared":true,"installed":true,"version":"3.3.0","resolution":"/home/logic/_workspace/vote-registration-statistic/doc_gen/node_modules/firebase-functions/lib/index.js"}
[debug] [2019-12-01T16:12:50.566Z] [worker-~diagnostic~-decb7323-121d-4d3a-a51d-d2cb50160f67]: exited
[debug] [2019-12-01T16:12:50.566Z] [worker-~diagnostic~-decb7323-121d-4d3a-a51d-d2cb50160f67]: FINISHED
[debug] [2019-12-01T16:12:51.001Z] Accepted request GET /data-gov-hk-tryout/us-central1/getCSV?q=https://www.ams.gov.hk/amsopendata/keyPerformanceMeasure_en.csv&max_row=3 --> getCSV
[debug] [2019-12-01T16:12:51.006Z] [worker-getCSV-bef1cf61-4dce-40e9-af27-a632c4a8e812]: BUSY
[debug] [2019-12-01T16:12:51.389Z] [runtime-status] Functions runtime initialized. {"cwd":"/home/logic/_workspace/vote-registration-statistic/doc_gen/functions","node_version":"8.16.2"}
[debug] [2019-12-01T16:12:51.392Z] [runtime-status] Disabled runtime features: {"functions_config_helper":true,"network_filtering":true,"timeout":true,"memory_limiting":true,"admin_stubs":true} {}
[debug] [2019-12-01T16:12:51.395Z] [runtime-status] Resolved module firebase-admin {"declared":true,"installed":true,"version":"8.8.0","resolution":"/home/logic/_workspace/vote-registration-statistic/doc_gen/node_modules/firebase-admin/lib/index.js"}
[debug] [2019-12-01T16:12:51.396Z] [runtime-status] Resolved module firebase-functions {"declared":true,"installed":true,"version":"3.3.0","resolution":"/home/logic/_workspace/vote-registration-statistic/doc_gen/node_modules/firebase-functions/lib/index.js"}
[debug] [2019-12-01T16:12:51.398Z] [runtime-status] Resolved module firebase-functions {"declared":true,"installed":true,"version":"3.3.0","resolution":"/home/logic/_workspace/vote-registration-statistic/doc_gen/node_modules/firebase-functions/lib/index.js"}
[debug] [2019-12-01T16:12:51.480Z] [runtime-status] Trigger "getCSV" has been found, beginning invocation! {}
[info] i  functions: Beginning execution of "getCSV"
[debug] [2019-12-01T16:12:51.481Z] [runtime-status]  {"httpsTrigger":{},"name":"getCSV","entryPoint":"getCSV"}
[debug] [2019-12-01T16:12:51.481Z] [runtime-status] Running getCSV in mode HTTPS {}
[debug] [2019-12-01T16:12:51.494Z] {"socketPath":"/tmp/firebase_emulator_invocation_5545.sock"}
[debug] [2019-12-01T16:12:51.495Z] [functions] Runtime ready! Sending request! {"socketPath":"/tmp/firebase_emulator_invocation_5545.sock"}
[debug] [2019-12-01T16:12:51.511Z] [runtime-status] Ephemeral server used! {}
[debug] [2019-12-01T16:12:51.536Z] [runtime-status] Ephemeral server survived. {}
[info] >  max_row 3
[info] i  functions: Finished "getCSV" in ~1s
[debug] [2019-12-01T16:12:51.577Z] [worker-getCSV-bef1cf61-4dce-40e9-af27-a632c4a8e812]: IDLE
[debug] [2019-12-01T16:13:09.808Z] Accepted request GET /data-gov-hk-tryout/us-central1/getCSV?q=https://www.ams.gov.hk/amsopendata/keyPerformanceMeasure_en.csv&max_row=4 --> getCSV
[debug] [2019-12-01T16:13:09.808Z] [worker-getCSV-bef1cf61-4dce-40e9-af27-a632c4a8e812]: BUSY
[debug] [2019-12-01T16:13:09.809Z] [runtime-status] Trigger "getCSV" has been found, beginning invocation! {}
[info] i  functions: Beginning execution of "getCSV"
[debug] [2019-12-01T16:13:09.810Z] [runtime-status]  {"httpsTrigger":{},"name":"getCSV","entryPoint":"getCSV"}
[debug] [2019-12-01T16:13:09.810Z] [runtime-status] Running getCSV in mode HTTPS {}
[debug] [2019-12-01T16:13:09.811Z] {"socketPath":"/tmp/firebase_emulator_invocation_5545.sock"}
[debug] [2019-12-01T16:13:09.812Z] [functions] Runtime ready! Sending request! {"socketPath":"/tmp/firebase_emulator_invocation_5545.sock"}
[debug] [2019-12-01T16:13:09.816Z] [runtime-status] Ephemeral server used! {}
[debug] [2019-12-01T16:13:09.820Z] [runtime-status] Ephemeral server survived. {}
[info] >  max_row 4
[info] i  functions: Finished "getCSV" in ~1s
[debug] [2019-12-01T16:13:09.997Z] [worker-getCSV-bef1cf61-4dce-40e9-af27-a632c4a8e812]: IDLE
[debug] [2019-12-01T16:13:11.667Z] Accepted request GET /data-gov-hk-tryout/us-central1/getCSV?q=https://www.ams.gov.hk/amsopendata/keyPerformanceMeasure_en.csv&max_row=5 --> getCSV
[debug] [2019-12-01T16:13:11.667Z] [worker-getCSV-bef1cf61-4dce-40e9-af27-a632c4a8e812]: BUSY
[debug] [2019-12-01T16:13:11.668Z] [runtime-status] Trigger "getCSV" has been found, beginning invocation! {}
[info] i  functions: Beginning execution of "getCSV"
[debug] [2019-12-01T16:13:11.669Z] [runtime-status]  {"httpsTrigger":{},"name":"getCSV","entryPoint":"getCSV"}
[debug] [2019-12-01T16:13:11.669Z] [runtime-status] Running getCSV in mode HTTPS {}
[debug] [2019-12-01T16:13:11.669Z] {"socketPath":"/tmp/firebase_emulator_invocation_5545.sock"}
[debug] [2019-12-01T16:13:11.671Z] [functions] Runtime ready! Sending request! {"socketPath":"/tmp/firebase_emulator_invocation_5545.sock"}
[debug] [2019-12-01T16:13:11.674Z] [runtime-status] Ephemeral server used! {}
[debug] [2019-12-01T16:13:11.676Z] [runtime-status] Ephemeral server survived. {}
[info] >  max_row 5
[info] i  functions: Finished "getCSV" in ~1s
[debug] [2019-12-01T16:13:11.688Z] [worker-getCSV-bef1cf61-4dce-40e9-af27-a632c4a8e812]: IDLE
[debug] [2019-12-01T16:13:14.588Z] Accepted request GET /data-gov-hk-tryout/us-central1/getCSV?q=https://www.ams.gov.hk/amsopendata/keyPerformanceMeasure_en.csv&max_row=10 --> getCSV
[debug] [2019-12-01T16:13:14.589Z] [worker-getCSV-bef1cf61-4dce-40e9-af27-a632c4a8e812]: BUSY
[debug] [2019-12-01T16:13:14.589Z] [runtime-status] Trigger "getCSV" has been found, beginning invocation! {}
[info] i  functions: Beginning execution of "getCSV"
[debug] [2019-12-01T16:13:14.590Z] [runtime-status]  {"httpsTrigger":{},"name":"getCSV","entryPoint":"getCSV"}
[debug] [2019-12-01T16:13:14.590Z] [runtime-status] Running getCSV in mode HTTPS {}
[debug] [2019-12-01T16:13:14.591Z] {"socketPath":"/tmp/firebase_emulator_invocation_5545.sock"}
[debug] [2019-12-01T16:13:14.592Z] [functions] Runtime ready! Sending request! {"socketPath":"/tmp/firebase_emulator_invocation_5545.sock"}
[debug] [2019-12-01T16:13:14.596Z] [runtime-status] Ephemeral server used! {}
[debug] [2019-12-01T16:13:14.598Z] [runtime-status] Ephemeral server survived. {}
[info] i  functions: Finished "getCSV" in ~1s
[debug] [2019-12-01T16:13:14.614Z] [worker-getCSV-bef1cf61-4dce-40e9-af27-a632c4a8e812]: IDLE
[debug] [2019-12-01T16:13:18.513Z] Accepted request GET /data-gov-hk-tryout/us-central1/getCSV?q=https://www.ams.gov.hk/amsopendata/keyPerformanceMeasure_en.csv&max_row=9 --> getCSV
[debug] [2019-12-01T16:13:18.514Z] [worker-getCSV-bef1cf61-4dce-40e9-af27-a632c4a8e812]: BUSY
[debug] [2019-12-01T16:13:18.514Z] [runtime-status] Trigger "getCSV" has been found, beginning invocation! {}
[info] i  functions: Beginning execution of "getCSV"
[debug] [2019-12-01T16:13:18.515Z] [runtime-status]  {"httpsTrigger":{},"name":"getCSV","entryPoint":"getCSV"}
[debug] [2019-12-01T16:13:18.515Z] [runtime-status] Running getCSV in mode HTTPS {}
[debug] [2019-12-01T16:13:18.516Z] {"socketPath":"/tmp/firebase_emulator_invocation_5545.sock"}
[debug] [2019-12-01T16:13:18.517Z] [functions] Runtime ready! Sending request! {"socketPath":"/tmp/firebase_emulator_invocation_5545.sock"}
[debug] [2019-12-01T16:13:18.521Z] [runtime-status] Ephemeral server used! {}
[debug] [2019-12-01T16:13:18.523Z] [runtime-status] Ephemeral server survived. {}
[info] i  functions: Finished "getCSV" in ~1s
[debug] [2019-12-01T16:13:18.533Z] [worker-getCSV-bef1cf61-4dce-40e9-af27-a632c4a8e812]: IDLE
[debug] [2019-12-01T16:13:57.121Z] File /home/logic/_workspace/vote-registration-statistic/doc_gen/functions/index.js changed, reloading triggers
[debug] [2019-12-01T16:13:58.121Z] [worker-pool]: Shutting down IDLE worker (getCSV)
[debug] [2019-12-01T16:13:58.130Z] [worker-~diagnostic~-493af22e-0e73-41bf-b149-c05dde9ea961]: BUSY
[debug] [2019-12-01T16:13:58.131Z] [worker-getCSV-bef1cf61-4dce-40e9-af27-a632c4a8e812]: exited
[debug] [2019-12-01T16:13:58.131Z] [worker-getCSV-bef1cf61-4dce-40e9-af27-a632c4a8e812]: FINISHED
[debug] [2019-12-01T16:13:58.518Z] [runtime-status] Functions runtime initialized. {"cwd":"/home/logic/_workspace/vote-registration-statistic/doc_gen/functions","node_version":"8.16.2"}
[debug] [2019-12-01T16:13:58.521Z] [runtime-status] Disabled runtime features: {"functions_config_helper":true,"network_filtering":true,"timeout":true,"memory_limiting":true,"admin_stubs":true} {}
[debug] [2019-12-01T16:13:58.524Z] [runtime-status] Resolved module firebase-admin {"declared":true,"installed":true,"version":"8.8.0","resolution":"/home/logic/_workspace/vote-registration-statistic/doc_gen/node_modules/firebase-admin/lib/index.js"}
[debug] [2019-12-01T16:13:58.525Z] [runtime-status] Resolved module firebase-functions {"declared":true,"installed":true,"version":"3.3.0","resolution":"/home/logic/_workspace/vote-registration-statistic/doc_gen/node_modules/firebase-functions/lib/index.js"}
[debug] [2019-12-01T16:13:58.527Z] [runtime-status] Resolved module firebase-functions {"declared":true,"installed":true,"version":"3.3.0","resolution":"/home/logic/_workspace/vote-registration-statistic/doc_gen/node_modules/firebase-functions/lib/index.js"}
[debug] [2019-12-01T16:13:58.627Z] [worker-~diagnostic~-493af22e-0e73-41bf-b149-c05dde9ea961]: exited
[debug] [2019-12-01T16:13:58.627Z] [worker-~diagnostic~-493af22e-0e73-41bf-b149-c05dde9ea961]: FINISHED
[debug] [2019-12-01T16:13:59.644Z] Accepted request GET /data-gov-hk-tryout/us-central1/getCSV?q=https://www.ams.gov.hk/amsopendata/keyPerformanceMeasure_en.csv&max_row=9 --> getCSV
[debug] [2019-12-01T16:13:59.653Z] [worker-getCSV-f4125be6-9da2-425e-a00a-636d321c6bbc]: BUSY
[debug] [2019-12-01T16:14:00.046Z] [runtime-status] Functions runtime initialized. {"cwd":"/home/logic/_workspace/vote-registration-statistic/doc_gen/functions","node_version":"8.16.2"}
[debug] [2019-12-01T16:14:00.050Z] [runtime-status] Disabled runtime features: {"functions_config_helper":true,"network_filtering":true,"timeout":true,"memory_limiting":true,"admin_stubs":true} {}
[debug] [2019-12-01T16:14:00.053Z] [runtime-status] Resolved module firebase-admin {"declared":true,"installed":true,"version":"8.8.0","resolution":"/home/logic/_workspace/vote-registration-statistic/doc_gen/node_modules/firebase-admin/lib/index.js"}
[debug] [2019-12-01T16:14:00.054Z] [runtime-status] Resolved module firebase-functions {"declared":true,"installed":true,"version":"3.3.0","resolution":"/home/logic/_workspace/vote-registration-statistic/doc_gen/node_modules/firebase-functions/lib/index.js"}
[debug] [2019-12-01T16:14:00.055Z] [runtime-status] Resolved module firebase-functions {"declared":true,"installed":true,"version":"3.3.0","resolution":"/home/logic/_workspace/vote-registration-statistic/doc_gen/node_modules/firebase-functions/lib/index.js"}
[debug] [2019-12-01T16:14:00.143Z] [runtime-status] Trigger "getCSV" has been found, beginning invocation! {}
[info] i  functions: Beginning execution of "getCSV"
[debug] [2019-12-01T16:14:00.144Z] [runtime-status]  {"httpsTrigger":{},"name":"getCSV","entryPoint":"getCSV"}
[debug] [2019-12-01T16:14:00.144Z] [runtime-status] Running getCSV in mode HTTPS {}
[debug] [2019-12-01T16:14:00.156Z] {"socketPath":"/tmp/firebase_emulator_invocation_6072.sock"}
[debug] [2019-12-01T16:14:00.158Z] [functions] Runtime ready! Sending request! {"socketPath":"/tmp/firebase_emulator_invocation_6072.sock"}
[debug] [2019-12-01T16:14:00.169Z] [runtime-status] Ephemeral server used! {}
[debug] [2019-12-01T16:14:00.194Z] [runtime-status] Ephemeral server survived. {}
[info] >  csv_split.length 7
[info] i  functions: Finished "getCSV" in ~1s
[debug] [2019-12-01T16:14:00.396Z] [worker-getCSV-f4125be6-9da2-425e-a00a-636d321c6bbc]: IDLE
[debug] [2019-12-01T16:14:11.265Z] Accepted request GET /data-gov-hk-tryout/us-central1/getCSV?q=https://www.ams.gov.hk/amsopendata/keyPerformanceMeasure_en.csv&max_row=6 --> getCSV
[debug] [2019-12-01T16:14:11.265Z] [worker-getCSV-f4125be6-9da2-425e-a00a-636d321c6bbc]: BUSY
[debug] [2019-12-01T16:14:11.269Z] [runtime-status] Trigger "getCSV" has been found, beginning invocation! {}
[info] i  functions: Beginning execution of "getCSV"
[debug] [2019-12-01T16:14:11.270Z] [runtime-status]  {"httpsTrigger":{},"name":"getCSV","entryPoint":"getCSV"}
[debug] [2019-12-01T16:14:11.270Z] [runtime-status] Running getCSV in mode HTTPS {}
[debug] [2019-12-01T16:14:11.271Z] {"socketPath":"/tmp/firebase_emulator_invocation_6072.sock"}
[debug] [2019-12-01T16:14:11.273Z] [functions] Runtime ready! Sending request! {"socketPath":"/tmp/firebase_emulator_invocation_6072.sock"}
[debug] [2019-12-01T16:14:11.277Z] [runtime-status] Ephemeral server used! {}
[debug] [2019-12-01T16:14:11.281Z] [runtime-status] Ephemeral server survived. {}
[info] >  csv_split.length 7
[info] >  max_row 6
[info] i  functions: Finished "getCSV" in ~1s
[debug] [2019-12-01T16:14:11.456Z] [worker-getCSV-f4125be6-9da2-425e-a00a-636d321c6bbc]: IDLE
[debug] [2019-12-01T16:14:36.278Z] File /home/logic/_workspace/vote-registration-statistic/doc_gen/functions/index.js changed, reloading triggers
[debug] [2019-12-01T16:14:37.279Z] [worker-pool]: Shutting down IDLE worker (getCSV)
[debug] [2019-12-01T16:14:37.287Z] [worker-~diagnostic~-ff4799a3-09c5-47e2-95ca-06351035c6b8]: BUSY
[debug] [2019-12-01T16:14:37.288Z] [worker-getCSV-f4125be6-9da2-425e-a00a-636d321c6bbc]: exited
[debug] [2019-12-01T16:14:37.288Z] [worker-getCSV-f4125be6-9da2-425e-a00a-636d321c6bbc]: FINISHED
[debug] [2019-12-01T16:14:37.679Z] [runtime-status] Functions runtime initialized. {"cwd":"/home/logic/_workspace/vote-registration-statistic/doc_gen/functions","node_version":"8.16.2"}
[debug] [2019-12-01T16:14:37.683Z] [runtime-status] Disabled runtime features: {"functions_config_helper":true,"network_filtering":true,"timeout":true,"memory_limiting":true,"admin_stubs":true} {}
[debug] [2019-12-01T16:14:37.686Z] [runtime-status] Resolved module firebase-admin {"declared":true,"installed":true,"version":"8.8.0","resolution":"/home/logic/_workspace/vote-registration-statistic/doc_gen/node_modules/firebase-admin/lib/index.js"}
[debug] [2019-12-01T16:14:37.687Z] [runtime-status] Resolved module firebase-functions {"declared":true,"installed":true,"version":"3.3.0","resolution":"/home/logic/_workspace/vote-registration-statistic/doc_gen/node_modules/firebase-functions/lib/index.js"}
[debug] [2019-12-01T16:14:37.688Z] [runtime-status] Resolved module firebase-functions {"declared":true,"installed":true,"version":"3.3.0","resolution":"/home/logic/_workspace/vote-registration-statistic/doc_gen/node_modules/firebase-functions/lib/index.js"}
[debug] [2019-12-01T16:14:37.787Z] [worker-~diagnostic~-ff4799a3-09c5-47e2-95ca-06351035c6b8]: exited
[debug] [2019-12-01T16:14:37.787Z] [worker-~diagnostic~-ff4799a3-09c5-47e2-95ca-06351035c6b8]: FINISHED
[debug] [2019-12-01T16:14:38.432Z] Accepted request GET /data-gov-hk-tryout/us-central1/getCSV?q=https://www.ams.gov.hk/amsopendata/keyPerformanceMeasure_en.csv&max_row=6 --> getCSV
[debug] [2019-12-01T16:14:38.437Z] [worker-getCSV-4549ae0e-31fd-4b34-aed6-b19e0fa8f980]: BUSY
[debug] [2019-12-01T16:14:38.899Z] [runtime-status] Functions runtime initialized. {"cwd":"/home/logic/_workspace/vote-registration-statistic/doc_gen/functions","node_version":"8.16.2"}
[debug] [2019-12-01T16:14:38.903Z] [runtime-status] Disabled runtime features: {"functions_config_helper":true,"network_filtering":true,"timeout":true,"memory_limiting":true,"admin_stubs":true} {}
[debug] [2019-12-01T16:14:38.905Z] [runtime-status] Resolved module firebase-admin {"declared":true,"installed":true,"version":"8.8.0","resolution":"/home/logic/_workspace/vote-registration-statistic/doc_gen/node_modules/firebase-admin/lib/index.js"}
[debug] [2019-12-01T16:14:38.906Z] [runtime-status] Resolved module firebase-functions {"declared":true,"installed":true,"version":"3.3.0","resolution":"/home/logic/_workspace/vote-registration-statistic/doc_gen/node_modules/firebase-functions/lib/index.js"}
[debug] [2019-12-01T16:14:38.908Z] [runtime-status] Resolved module firebase-functions {"declared":true,"installed":true,"version":"3.3.0","resolution":"/home/logic/_workspace/vote-registration-statistic/doc_gen/node_modules/firebase-functions/lib/index.js"}
[debug] [2019-12-01T16:14:38.992Z] [runtime-status] Trigger "getCSV" has been found, beginning invocation! {}
[info] i  functions: Beginning execution of "getCSV"
[debug] [2019-12-01T16:14:38.993Z] [runtime-status]  {"httpsTrigger":{},"name":"getCSV","entryPoint":"getCSV"}
[debug] [2019-12-01T16:14:38.993Z] [runtime-status] Running getCSV in mode HTTPS {}
[debug] [2019-12-01T16:14:39.005Z] {"socketPath":"/tmp/firebase_emulator_invocation_6316.sock"}
[debug] [2019-12-01T16:14:39.006Z] [functions] Runtime ready! Sending request! {"socketPath":"/tmp/firebase_emulator_invocation_6316.sock"}
[debug] [2019-12-01T16:14:39.018Z] [runtime-status] Ephemeral server used! {}
[debug] [2019-12-01T16:14:39.044Z] [runtime-status] Ephemeral server survived. {}
[info] >  csv_split.length 7
[info] >  max_row 6
[info] i  functions: Finished "getCSV" in ~1s
[debug] [2019-12-01T16:14:39.082Z] [worker-getCSV-4549ae0e-31fd-4b34-aed6-b19e0fa8f980]: IDLE
[debug] [2019-12-01T16:15:16.392Z] File /home/logic/_workspace/vote-registration-statistic/doc_gen/functions/index.js changed, reloading triggers
[debug] [2019-12-01T16:15:17.392Z] [worker-pool]: Shutting down IDLE worker (getCSV)
[debug] [2019-12-01T16:15:17.397Z] [worker-~diagnostic~-1d31d0cf-9c57-45ad-b790-0c64fc69f2b3]: BUSY
[debug] [2019-12-01T16:15:17.398Z] [worker-getCSV-4549ae0e-31fd-4b34-aed6-b19e0fa8f980]: exited
[debug] [2019-12-01T16:15:17.398Z] [worker-getCSV-4549ae0e-31fd-4b34-aed6-b19e0fa8f980]: FINISHED
[debug] [2019-12-01T16:15:17.796Z] [runtime-status] Functions runtime initialized. {"cwd":"/home/logic/_workspace/vote-registration-statistic/doc_gen/functions","node_version":"8.16.2"}
[debug] [2019-12-01T16:15:17.800Z] [runtime-status] Disabled runtime features: {"functions_config_helper":true,"network_filtering":true,"timeout":true,"memory_limiting":true,"admin_stubs":true} {}
[debug] [2019-12-01T16:15:17.802Z] [runtime-status] Resolved module firebase-admin {"declared":true,"installed":true,"version":"8.8.0","resolution":"/home/logic/_workspace/vote-registration-statistic/doc_gen/node_modules/firebase-admin/lib/index.js"}
[debug] [2019-12-01T16:15:17.804Z] [runtime-status] Resolved module firebase-functions {"declared":true,"installed":true,"version":"3.3.0","resolution":"/home/logic/_workspace/vote-registration-statistic/doc_gen/node_modules/firebase-functions/lib/index.js"}
[debug] [2019-12-01T16:15:17.805Z] [runtime-status] Resolved module firebase-functions {"declared":true,"installed":true,"version":"3.3.0","resolution":"/home/logic/_workspace/vote-registration-statistic/doc_gen/node_modules/firebase-functions/lib/index.js"}
[debug] [2019-12-01T16:15:17.903Z] [worker-~diagnostic~-1d31d0cf-9c57-45ad-b790-0c64fc69f2b3]: exited
[debug] [2019-12-01T16:15:17.904Z] [worker-~diagnostic~-1d31d0cf-9c57-45ad-b790-0c64fc69f2b3]: FINISHED
[debug] [2019-12-01T16:15:18.919Z] Accepted request GET /data-gov-hk-tryout/us-central1/getCSV?q=https://www.ams.gov.hk/amsopendata/keyPerformanceMeasure_en.csv&max_row=6 --> getCSV
[debug] [2019-12-01T16:15:18.925Z] [worker-getCSV-6f6c318e-0f22-489d-b162-031d03db1466]: BUSY
[debug] [2019-12-01T16:15:19.314Z] [runtime-status] Functions runtime initialized. {"cwd":"/home/logic/_workspace/vote-registration-statistic/doc_gen/functions","node_version":"8.16.2"}
[debug] [2019-12-01T16:15:19.318Z] [runtime-status] Disabled runtime features: {"functions_config_helper":true,"network_filtering":true,"timeout":true,"memory_limiting":true,"admin_stubs":true} {}
[debug] [2019-12-01T16:15:19.320Z] [runtime-status] Resolved module firebase-admin {"declared":true,"installed":true,"version":"8.8.0","resolution":"/home/logic/_workspace/vote-registration-statistic/doc_gen/node_modules/firebase-admin/lib/index.js"}
[debug] [2019-12-01T16:15:19.322Z] [runtime-status] Resolved module firebase-functions {"declared":true,"installed":true,"version":"3.3.0","resolution":"/home/logic/_workspace/vote-registration-statistic/doc_gen/node_modules/firebase-functions/lib/index.js"}
[debug] [2019-12-01T16:15:19.323Z] [runtime-status] Resolved module firebase-functions {"declared":true,"installed":true,"version":"3.3.0","resolution":"/home/logic/_workspace/vote-registration-statistic/doc_gen/node_modules/firebase-functions/lib/index.js"}
[debug] [2019-12-01T16:15:19.407Z] [runtime-status] Trigger "getCSV" has been found, beginning invocation! {}
[info] i  functions: Beginning execution of "getCSV"
[debug] [2019-12-01T16:15:19.408Z] [runtime-status]  {"httpsTrigger":{},"name":"getCSV","entryPoint":"getCSV"}
[debug] [2019-12-01T16:15:19.408Z] [runtime-status] Running getCSV in mode HTTPS {}
[debug] [2019-12-01T16:15:19.420Z] {"socketPath":"/tmp/firebase_emulator_invocation_6603.sock"}
[debug] [2019-12-01T16:15:19.421Z] [functions] Runtime ready! Sending request! {"socketPath":"/tmp/firebase_emulator_invocation_6603.sock"}
[debug] [2019-12-01T16:15:19.433Z] [runtime-status] Ephemeral server used! {}
[debug] [2019-12-01T16:15:19.459Z] [runtime-status] Ephemeral server survived. {}
[info] >  csv_split.length 7
[info] >  max_row 6
[info] >  csv_split [ 'Fiscal Year,General Regular Training,Recruit Training,Centralised Training,Civil Service Training,Supplementary Services,Non-emergency Ambulance Transfer Service,Cadet Induction Training,Cadet General Regular Training,Cadet Centralised Training,Cadet Exercise and Visit,Emergency Services - No. of man-hours,Emergency Services - No. of Occasions of Call-outs/operations,Members Attending Regular Training,New Members Recruited,New Cadets Recruited,Members Attending Centralised Training,Civil Servants Attending Paramedic Training - First Aid Qualifying Course,Civil Servants Attending Paramedic Training - Other Certificate/short Courses,Supplementary Services - Response to Ambulance Calls,Supplementary Services - Coverage at Public Functions,Supplementary Services - Cases Treated on Country Park Duty,Response to Non-emergency Ambulance Transfer Requests\r',
[info] >    '2013,210500,31052,34629,151512,241062,63837,12736,67085,29966,31608,4530,11,4422,467,398,3412,6198,2016,1120,2244,2495,15990\r',
[info] >    '2014,225788,31474,34683,149064,240850,63530,18432,87006,35512,38212,5435,9,4322,532,600,3600,6093,1891,1350,2476,1857,15551\r',
[info] >    '2015,233898,30770,34620,151720,240200,63900,18400,107190,42420,44140,2080,14,4420,559,578,3434,5940,1756,1086,2375,1958,15561\r',
[info] >    '2016,202167,25779,40498,143580,248152,64072,15360,110728,47458,46270,7017,7,4372,525,480,3651,5946,1920,1006,2569,3149,13523\r',
[info] >    '2017,202805,26040,28696,165307,262682,62051,19252,126522,51815,49836,8866,2,4368,520,599,4425,6305,1765,1091,2498,3409,12727\r',
[info] >    '' ]
[info] i  functions: Finished "getCSV" in ~1s
[debug] [2019-12-01T16:15:19.584Z] [worker-getCSV-6f6c318e-0f22-489d-b162-031d03db1466]: IDLE
[debug] [2019-12-01T16:21:49.564Z] Accepted request GET /data-gov-hk-tryout/us-central1/getCSV?q=https://www.ams.gov.hk/amsopendata/keyPerformanceMeasure_en.csv&max_row=6 --> getCSV
[debug] [2019-12-01T16:21:49.565Z] [worker-getCSV-6f6c318e-0f22-489d-b162-031d03db1466]: BUSY
[debug] [2019-12-01T16:21:49.565Z] [runtime-status] Trigger "getCSV" has been found, beginning invocation! {}
[info] i  functions: Beginning execution of "getCSV"
[debug] [2019-12-01T16:21:49.566Z] [runtime-status]  {"httpsTrigger":{},"name":"getCSV","entryPoint":"getCSV"}
[debug] [2019-12-01T16:21:49.566Z] [runtime-status] Running getCSV in mode HTTPS {}
[debug] [2019-12-01T16:21:49.567Z] {"socketPath":"/tmp/firebase_emulator_invocation_6603.sock"}
[debug] [2019-12-01T16:21:49.568Z] [functions] Runtime ready! Sending request! {"socketPath":"/tmp/firebase_emulator_invocation_6603.sock"}
[debug] [2019-12-01T16:21:49.571Z] [runtime-status] Ephemeral server used! {}
[debug] [2019-12-01T16:21:49.574Z] [runtime-status] Ephemeral server survived. {}
[info] >  csv_split.length 7
[info] >  max_row 6
[info] >  csv_split [ 'Fiscal Year,General Regular Training,Recruit Training,Centralised Training,Civil Service Training,Supplementary Services,Non-emergency Ambulance Transfer Service,Cadet Induction Training,Cadet General Regular Training,Cadet Centralised Training,Cadet Exercise and Visit,Emergency Services - No. of man-hours,Emergency Services - No. of Occasions of Call-outs/operations,Members Attending Regular Training,New Members Recruited,New Cadets Recruited,Members Attending Centralised Training,Civil Servants Attending Paramedic Training - First Aid Qualifying Course,Civil Servants Attending Paramedic Training - Other Certificate/short Courses,Supplementary Services - Response to Ambulance Calls,Supplementary Services - Coverage at Public Functions,Supplementary Services - Cases Treated on Country Park Duty,Response to Non-emergency Ambulance Transfer Requests\r',
[info] >    '2013,210500,31052,34629,151512,241062,63837,12736,67085,29966,31608,4530,11,4422,467,398,3412,6198,2016,1120,2244,2495,15990\r',
[info] >    '2014,225788,31474,34683,149064,240850,63530,18432,87006,35512,38212,5435,9,4322,532,600,3600,6093,1891,1350,2476,1857,15551\r',
[info] >    '2015,233898,30770,34620,151720,240200,63900,18400,107190,42420,44140,2080,14,4420,559,578,3434,5940,1756,1086,2375,1958,15561\r',
[info] >    '2016,202167,25779,40498,143580,248152,64072,15360,110728,47458,46270,7017,7,4372,525,480,3651,5946,1920,1006,2569,3149,13523\r',
[info] >    '2017,202805,26040,28696,165307,262682,62051,19252,126522,51815,49836,8866,2,4368,520,599,4425,6305,1765,1091,2498,3409,12727\r',
[info] >    '' ]
[info] i  functions: Finished "getCSV" in ~1s
[debug] [2019-12-01T16:21:50.030Z] [worker-getCSV-6f6c318e-0f22-489d-b162-031d03db1466]: IDLE
[debug] [2019-12-01T16:22:08.100Z] File /home/logic/_workspace/vote-registration-statistic/doc_gen/functions/index.js changed, reloading triggers
[debug] [2019-12-01T16:22:09.100Z] [worker-pool]: Shutting down IDLE worker (getCSV)
[debug] [2019-12-01T16:22:09.107Z] [worker-~diagnostic~-1d212ac9-7d82-4815-8c98-28b9a355fb06]: BUSY
[debug] [2019-12-01T16:22:09.108Z] [worker-getCSV-6f6c318e-0f22-489d-b162-031d03db1466]: exited
[debug] [2019-12-01T16:22:09.108Z] [worker-getCSV-6f6c318e-0f22-489d-b162-031d03db1466]: FINISHED
[debug] [2019-12-01T16:22:09.518Z] [runtime-status] Functions runtime initialized. {"cwd":"/home/logic/_workspace/vote-registration-statistic/doc_gen/functions","node_version":"8.16.2"}
[debug] [2019-12-01T16:22:09.521Z] [runtime-status] Disabled runtime features: {"functions_config_helper":true,"network_filtering":true,"timeout":true,"memory_limiting":true,"admin_stubs":true} {}
[debug] [2019-12-01T16:22:09.524Z] [runtime-status] Resolved module firebase-admin {"declared":true,"installed":true,"version":"8.8.0","resolution":"/home/logic/_workspace/vote-registration-statistic/doc_gen/node_modules/firebase-admin/lib/index.js"}
[debug] [2019-12-01T16:22:09.525Z] [runtime-status] Resolved module firebase-functions {"declared":true,"installed":true,"version":"3.3.0","resolution":"/home/logic/_workspace/vote-registration-statistic/doc_gen/node_modules/firebase-functions/lib/index.js"}
[debug] [2019-12-01T16:22:09.526Z] [runtime-status] Resolved module firebase-functions {"declared":true,"installed":true,"version":"3.3.0","resolution":"/home/logic/_workspace/vote-registration-statistic/doc_gen/node_modules/firebase-functions/lib/index.js"}
[warn] ⚠  /home/logic/_workspace/vote-registration-statistic/doc_gen/functions/index.js:28
    return csv_split.slice(0, ５).join('')
                              ^

SyntaxError: Invalid or unexpected token
    at createScript (vm.js:80:10)
    at Object.runInThisContext (vm.js:139:10)
    at Module._compile (module.js:617:28)
    at Object.Module._extensions..js (module.js:664:10)
    at Module.load (module.js:566:32)
    at tryModuleLoad (module.js:506:12)
    at Function.Module._load (module.js:498:3)
    at Module.require (module.js:597:17)
    at require (internal/module.js:11:18)
    at /usr/local/lib/node_modules/firebase-tools/lib/emulator/functionsEmulatorRuntime.js:709:33
[warn] ⚠  We were unable to load your functions code. (see above)
[debug] [2019-12-01T16:22:09.604Z] [worker-~diagnostic~-1d212ac9-7d82-4815-8c98-28b9a355fb06]: exited
[debug] [2019-12-01T16:22:09.604Z] [worker-~diagnostic~-1d212ac9-7d82-4815-8c98-28b9a355fb06]: FINISHED
[debug] [2019-12-01T16:22:10.704Z] File /home/logic/_workspace/vote-registration-statistic/doc_gen/functions/index.js changed, reloading triggers
[debug] [2019-12-01T16:22:11.709Z] [worker-~diagnostic~-997159cc-2911-4d61-aee7-cba8a821dc48]: BUSY
[debug] [2019-12-01T16:22:12.105Z] [runtime-status] Functions runtime initialized. {"cwd":"/home/logic/_workspace/vote-registration-statistic/doc_gen/functions","node_version":"8.16.2"}
[debug] [2019-12-01T16:22:12.109Z] [runtime-status] Disabled runtime features: {"functions_config_helper":true,"network_filtering":true,"timeout":true,"memory_limiting":true,"admin_stubs":true} {}
[debug] [2019-12-01T16:22:12.111Z] [runtime-status] Resolved module firebase-admin {"declared":true,"installed":true,"version":"8.8.0","resolution":"/home/logic/_workspace/vote-registration-statistic/doc_gen/node_modules/firebase-admin/lib/index.js"}
[debug] [2019-12-01T16:22:12.113Z] [runtime-status] Resolved module firebase-functions {"declared":true,"installed":true,"version":"3.3.0","resolution":"/home/logic/_workspace/vote-registration-statistic/doc_gen/node_modules/firebase-functions/lib/index.js"}
[debug] [2019-12-01T16:22:12.114Z] [runtime-status] Resolved module firebase-functions {"declared":true,"installed":true,"version":"3.3.0","resolution":"/home/logic/_workspace/vote-registration-statistic/doc_gen/node_modules/firebase-functions/lib/index.js"}
[debug] [2019-12-01T16:22:12.212Z] [worker-~diagnostic~-997159cc-2911-4d61-aee7-cba8a821dc48]: exited
[debug] [2019-12-01T16:22:12.212Z] [worker-~diagnostic~-997159cc-2911-4d61-aee7-cba8a821dc48]: FINISHED
[debug] [2019-12-01T16:22:25.737Z] File /home/logic/_workspace/vote-registration-statistic/doc_gen/functions/index.js changed, reloading triggers
[debug] [2019-12-01T16:22:26.744Z] [worker-~diagnostic~-65f50b34-6372-4666-b66a-766a98b0e374]: BUSY
[debug] [2019-12-01T16:22:27.135Z] [runtime-status] Functions runtime initialized. {"cwd":"/home/logic/_workspace/vote-registration-statistic/doc_gen/functions","node_version":"8.16.2"}
[debug] [2019-12-01T16:22:27.139Z] [runtime-status] Disabled runtime features: {"functions_config_helper":true,"network_filtering":true,"timeout":true,"memory_limiting":true,"admin_stubs":true} {}
[debug] [2019-12-01T16:22:27.141Z] [runtime-status] Resolved module firebase-admin {"declared":true,"installed":true,"version":"8.8.0","resolution":"/home/logic/_workspace/vote-registration-statistic/doc_gen/node_modules/firebase-admin/lib/index.js"}
[debug] [2019-12-01T16:22:27.142Z] [runtime-status] Resolved module firebase-functions {"declared":true,"installed":true,"version":"3.3.0","resolution":"/home/logic/_workspace/vote-registration-statistic/doc_gen/node_modules/firebase-functions/lib/index.js"}
[debug] [2019-12-01T16:22:27.144Z] [runtime-status] Resolved module firebase-functions {"declared":true,"installed":true,"version":"3.3.0","resolution":"/home/logic/_workspace/vote-registration-statistic/doc_gen/node_modules/firebase-functions/lib/index.js"}
[debug] [2019-12-01T16:22:27.242Z] [worker-~diagnostic~-65f50b34-6372-4666-b66a-766a98b0e374]: exited
[debug] [2019-12-01T16:22:27.242Z] [worker-~diagnostic~-65f50b34-6372-4666-b66a-766a98b0e374]: FINISHED
[debug] [2019-12-01T16:22:33.847Z] Accepted request GET /data-gov-hk-tryout/us-central1/getCSV?q=https://www.ams.gov.hk/amsopendata/keyPerformanceMeasure_en.csv&max_row=6 --> getCSV
[debug] [2019-12-01T16:22:33.853Z] [worker-getCSV-0e638b3b-6ae4-4807-b188-c72e2d70641f]: BUSY
[debug] [2019-12-01T16:22:34.238Z] [runtime-status] Functions runtime initialized. {"cwd":"/home/logic/_workspace/vote-registration-statistic/doc_gen/functions","node_version":"8.16.2"}
[debug] [2019-12-01T16:22:34.242Z] [runtime-status] Disabled runtime features: {"functions_config_helper":true,"network_filtering":true,"timeout":true,"memory_limiting":true,"admin_stubs":true} {}
[debug] [2019-12-01T16:22:34.244Z] [runtime-status] Resolved module firebase-admin {"declared":true,"installed":true,"version":"8.8.0","resolution":"/home/logic/_workspace/vote-registration-statistic/doc_gen/node_modules/firebase-admin/lib/index.js"}
[debug] [2019-12-01T16:22:34.245Z] [runtime-status] Resolved module firebase-functions {"declared":true,"installed":true,"version":"3.3.0","resolution":"/home/logic/_workspace/vote-registration-statistic/doc_gen/node_modules/firebase-functions/lib/index.js"}
[debug] [2019-12-01T16:22:34.247Z] [runtime-status] Resolved module firebase-functions {"declared":true,"installed":true,"version":"3.3.0","resolution":"/home/logic/_workspace/vote-registration-statistic/doc_gen/node_modules/firebase-functions/lib/index.js"}
[debug] [2019-12-01T16:22:34.330Z] [runtime-status] Trigger "getCSV" has been found, beginning invocation! {}
[info] i  functions: Beginning execution of "getCSV"
[debug] [2019-12-01T16:22:34.331Z] [runtime-status]  {"httpsTrigger":{},"name":"getCSV","entryPoint":"getCSV"}
[debug] [2019-12-01T16:22:34.331Z] [runtime-status] Running getCSV in mode HTTPS {}
[debug] [2019-12-01T16:22:34.343Z] {"socketPath":"/tmp/firebase_emulator_invocation_7812.sock"}
[debug] [2019-12-01T16:22:34.345Z] [functions] Runtime ready! Sending request! {"socketPath":"/tmp/firebase_emulator_invocation_7812.sock"}
[debug] [2019-12-01T16:22:34.357Z] [runtime-status] Ephemeral server used! {}
[debug] [2019-12-01T16:22:34.382Z] [runtime-status] Ephemeral server survived. {}
[info] >  csv_split.length 7
[info] >  max_row 6
[info] >  csv_split [ 'Fiscal Year,General Regular Training,Recruit Training,Centralised Training,Civil Service Training,Supplementary Services,Non-emergency Ambulance Transfer Service,Cadet Induction Training,Cadet General Regular Training,Cadet Centralised Training,Cadet Exercise and Visit,Emergency Services - No. of man-hours,Emergency Services - No. of Occasions of Call-outs/operations,Members Attending Regular Training,New Members Recruited,New Cadets Recruited,Members Attending Centralised Training,Civil Servants Attending Paramedic Training - First Aid Qualifying Course,Civil Servants Attending Paramedic Training - Other Certificate/short Courses,Supplementary Services - Response to Ambulance Calls,Supplementary Services - Coverage at Public Functions,Supplementary Services - Cases Treated on Country Park Duty,Response to Non-emergency Ambulance Transfer Requests\r',
[info] >    '2013,210500,31052,34629,151512,241062,63837,12736,67085,29966,31608,4530,11,4422,467,398,3412,6198,2016,1120,2244,2495,15990\r',
[info] >    '2014,225788,31474,34683,149064,240850,63530,18432,87006,35512,38212,5435,9,4322,532,600,3600,6093,1891,1350,2476,1857,15551\r',
[info] >    '2015,233898,30770,34620,151720,240200,63900,18400,107190,42420,44140,2080,14,4420,559,578,3434,5940,1756,1086,2375,1958,15561\r',
[info] >    '2016,202167,25779,40498,143580,248152,64072,15360,110728,47458,46270,7017,7,4372,525,480,3651,5946,1920,1006,2569,3149,13523\r',
[info] >    '2017,202805,26040,28696,165307,262682,62051,19252,126522,51815,49836,8866,2,4368,520,599,4425,6305,1765,1091,2498,3409,12727\r',
[info] >    '' ]
[info] >  result [ 'Fiscal Year,General Regular Training,Recruit Training,Centralised Training,Civil Service Training,Supplementary Services,Non-emergency Ambulance Transfer Service,Cadet Induction Training,Cadet General Regular Training,Cadet Centralised Training,Cadet Exercise and Visit,Emergency Services - No. of man-hours,Emergency Services - No. of Occasions of Call-outs/operations,Members Attending Regular Training,New Members Recruited,New Cadets Recruited,Members Attending Centralised Training,Civil Servants Attending Paramedic Training - First Aid Qualifying Course,Civil Servants Attending Paramedic Training - Other Certificate/short Courses,Supplementary Services - Response to Ambulance Calls,Supplementary Services - Coverage at Public Functions,Supplementary Services - Cases Treated on Country Park Duty,Response to Non-emergency Ambulance Transfer Requests\r',
[info] >    '2013,210500,31052,34629,151512,241062,63837,12736,67085,29966,31608,4530,11,4422,467,398,3412,6198,2016,1120,2244,2495,15990\r',
[info] >    '2014,225788,31474,34683,149064,240850,63530,18432,87006,35512,38212,5435,9,4322,532,600,3600,6093,1891,1350,2476,1857,15551\r',
[info] >    '2015,233898,30770,34620,151720,240200,63900,18400,107190,42420,44140,2080,14,4420,559,578,3434,5940,1756,1086,2375,1958,15561\r',
[info] >    '2016,202167,25779,40498,143580,248152,64072,15360,110728,47458,46270,7017,7,4372,525,480,3651,5946,1920,1006,2569,3149,13523\r' ]
[info] i  functions: Finished "getCSV" in ~1s
[debug] [2019-12-01T16:22:34.423Z] [worker-getCSV-0e638b3b-6ae4-4807-b188-c72e2d70641f]: IDLE
[debug] [2019-12-01T16:24:14.324Z] Accepted request GET /data-gov-hk-tryout/us-central1/getCSV?q=https://www.ams.gov.hk/amsopendata/keyPerformanceMeasure_en.csv&max_row=6 --> getCSV
[debug] [2019-12-01T16:24:14.324Z] [worker-getCSV-0e638b3b-6ae4-4807-b188-c72e2d70641f]: BUSY
[debug] [2019-12-01T16:24:14.325Z] [runtime-status] Trigger "getCSV" has been found, beginning invocation! {}
[info] i  functions: Beginning execution of "getCSV"
[debug] [2019-12-01T16:24:14.326Z] [runtime-status]  {"httpsTrigger":{},"name":"getCSV","entryPoint":"getCSV"}
[debug] [2019-12-01T16:24:14.326Z] [runtime-status] Running getCSV in mode HTTPS {}
[debug] [2019-12-01T16:24:14.327Z] {"socketPath":"/tmp/firebase_emulator_invocation_7812.sock"}
[debug] [2019-12-01T16:24:14.328Z] [functions] Runtime ready! Sending request! {"socketPath":"/tmp/firebase_emulator_invocation_7812.sock"}
[debug] [2019-12-01T16:24:14.331Z] [runtime-status] Ephemeral server used! {}
[debug] [2019-12-01T16:24:14.334Z] [runtime-status] Ephemeral server survived. {}
[info] >  csv_split.length 7
[info] >  max_row 6
[info] >  csv_split [ 'Fiscal Year,General Regular Training,Recruit Training,Centralised Training,Civil Service Training,Supplementary Services,Non-emergency Ambulance Transfer Service,Cadet Induction Training,Cadet General Regular Training,Cadet Centralised Training,Cadet Exercise and Visit,Emergency Services - No. of man-hours,Emergency Services - No. of Occasions of Call-outs/operations,Members Attending Regular Training,New Members Recruited,New Cadets Recruited,Members Attending Centralised Training,Civil Servants Attending Paramedic Training - First Aid Qualifying Course,Civil Servants Attending Paramedic Training - Other Certificate/short Courses,Supplementary Services - Response to Ambulance Calls,Supplementary Services - Coverage at Public Functions,Supplementary Services - Cases Treated on Country Park Duty,Response to Non-emergency Ambulance Transfer Requests\r',
[info] >    '2013,210500,31052,34629,151512,241062,63837,12736,67085,29966,31608,4530,11,4422,467,398,3412,6198,2016,1120,2244,2495,15990\r',
[info] >    '2014,225788,31474,34683,149064,240850,63530,18432,87006,35512,38212,5435,9,4322,532,600,3600,6093,1891,1350,2476,1857,15551\r',
[info] >    '2015,233898,30770,34620,151720,240200,63900,18400,107190,42420,44140,2080,14,4420,559,578,3434,5940,1756,1086,2375,1958,15561\r',
[info] >    '2016,202167,25779,40498,143580,248152,64072,15360,110728,47458,46270,7017,7,4372,525,480,3651,5946,1920,1006,2569,3149,13523\r',
[info] >    '2017,202805,26040,28696,165307,262682,62051,19252,126522,51815,49836,8866,2,4368,520,599,4425,6305,1765,1091,2498,3409,12727\r',
[info] >    '' ]
[info] >  result [ 'Fiscal Year,General Regular Training,Recruit Training,Centralised Training,Civil Service Training,Supplementary Services,Non-emergency Ambulance Transfer Service,Cadet Induction Training,Cadet General Regular Training,Cadet Centralised Training,Cadet Exercise and Visit,Emergency Services - No. of man-hours,Emergency Services - No. of Occasions of Call-outs/operations,Members Attending Regular Training,New Members Recruited,New Cadets Recruited,Members Attending Centralised Training,Civil Servants Attending Paramedic Training - First Aid Qualifying Course,Civil Servants Attending Paramedic Training - Other Certificate/short Courses,Supplementary Services - Response to Ambulance Calls,Supplementary Services - Coverage at Public Functions,Supplementary Services - Cases Treated on Country Park Duty,Response to Non-emergency Ambulance Transfer Requests\r',
[info] >    '2013,210500,31052,34629,151512,241062,63837,12736,67085,29966,31608,4530,11,4422,467,398,3412,6198,2016,1120,2244,2495,15990\r',
[info] >    '2014,225788,31474,34683,149064,240850,63530,18432,87006,35512,38212,5435,9,4322,532,600,3600,6093,1891,1350,2476,1857,15551\r',
[info] >    '2015,233898,30770,34620,151720,240200,63900,18400,107190,42420,44140,2080,14,4420,559,578,3434,5940,1756,1086,2375,1958,15561\r',
[info] >    '2016,202167,25779,40498,143580,248152,64072,15360,110728,47458,46270,7017,7,4372,525,480,3651,5946,1920,1006,2569,3149,13523\r' ]
[info] i  functions: Finished "getCSV" in ~1s
[debug] [2019-12-01T16:24:14.517Z] [worker-getCSV-0e638b3b-6ae4-4807-b188-c72e2d70641f]: IDLE
[debug] [2019-12-01T16:25:53.666Z] File /home/logic/_workspace/vote-registration-statistic/doc_gen/functions/index.js changed, reloading triggers
[debug] [2019-12-01T16:25:54.666Z] [worker-pool]: Shutting down IDLE worker (getCSV)
[debug] [2019-12-01T16:25:54.672Z] [worker-~diagnostic~-eb28b145-6eef-413f-8791-bfd4487d3ed2]: BUSY
[debug] [2019-12-01T16:25:54.677Z] [worker-getCSV-0e638b3b-6ae4-4807-b188-c72e2d70641f]: exited
[debug] [2019-12-01T16:25:54.677Z] [worker-getCSV-0e638b3b-6ae4-4807-b188-c72e2d70641f]: FINISHED
[debug] [2019-12-01T16:25:54.853Z] Accepted request GET /data-gov-hk-tryout/us-central1/getCSV?q=https://www.ams.gov.hk/amsopendata/keyPerformanceMeasure_en.csv&max_row=6 --> getCSV
[debug] [2019-12-01T16:25:54.858Z] [worker-getCSV-3d787ea9-737d-47e5-80b4-be4c7d603d0a]: BUSY
[debug] [2019-12-01T16:25:55.053Z] [runtime-status] Functions runtime initialized. {"cwd":"/home/logic/_workspace/vote-registration-statistic/doc_gen/functions","node_version":"8.16.2"}
[debug] [2019-12-01T16:25:55.056Z] [runtime-status] Disabled runtime features: {"functions_config_helper":true,"network_filtering":true,"timeout":true,"memory_limiting":true,"admin_stubs":true} {}
[debug] [2019-12-01T16:25:55.059Z] [runtime-status] Resolved module firebase-admin {"declared":true,"installed":true,"version":"8.8.0","resolution":"/home/logic/_workspace/vote-registration-statistic/doc_gen/node_modules/firebase-admin/lib/index.js"}
[debug] [2019-12-01T16:25:55.060Z] [runtime-status] Resolved module firebase-functions {"declared":true,"installed":true,"version":"3.3.0","resolution":"/home/logic/_workspace/vote-registration-statistic/doc_gen/node_modules/firebase-functions/lib/index.js"}
[debug] [2019-12-01T16:25:55.061Z] [runtime-status] Resolved module firebase-functions {"declared":true,"installed":true,"version":"3.3.0","resolution":"/home/logic/_workspace/vote-registration-statistic/doc_gen/node_modules/firebase-functions/lib/index.js"}
[debug] [2019-12-01T16:25:55.159Z] [worker-~diagnostic~-eb28b145-6eef-413f-8791-bfd4487d3ed2]: exited
[debug] [2019-12-01T16:25:55.159Z] [worker-~diagnostic~-eb28b145-6eef-413f-8791-bfd4487d3ed2]: FINISHED
[debug] [2019-12-01T16:25:55.236Z] [runtime-status] Functions runtime initialized. {"cwd":"/home/logic/_workspace/vote-registration-statistic/doc_gen/functions","node_version":"8.16.2"}
[debug] [2019-12-01T16:25:55.240Z] [runtime-status] Disabled runtime features: {"functions_config_helper":true,"network_filtering":true,"timeout":true,"memory_limiting":true,"admin_stubs":true} {}
[debug] [2019-12-01T16:25:55.242Z] [runtime-status] Resolved module firebase-admin {"declared":true,"installed":true,"version":"8.8.0","resolution":"/home/logic/_workspace/vote-registration-statistic/doc_gen/node_modules/firebase-admin/lib/index.js"}
[debug] [2019-12-01T16:25:55.244Z] [runtime-status] Resolved module firebase-functions {"declared":true,"installed":true,"version":"3.3.0","resolution":"/home/logic/_workspace/vote-registration-statistic/doc_gen/node_modules/firebase-functions/lib/index.js"}
[debug] [2019-12-01T16:25:55.245Z] [runtime-status] Resolved module firebase-functions {"declared":true,"installed":true,"version":"3.3.0","resolution":"/home/logic/_workspace/vote-registration-statistic/doc_gen/node_modules/firebase-functions/lib/index.js"}
[debug] [2019-12-01T16:25:55.328Z] [runtime-status] Trigger "getCSV" has been found, beginning invocation! {}
[info] i  functions: Beginning execution of "getCSV"
[debug] [2019-12-01T16:25:55.328Z] [runtime-status]  {"httpsTrigger":{},"name":"getCSV","entryPoint":"getCSV"}
[debug] [2019-12-01T16:25:55.330Z] [runtime-status] Running getCSV in mode HTTPS {}
[debug] [2019-12-01T16:25:55.341Z] {"socketPath":"/tmp/firebase_emulator_invocation_8212.sock"}
[debug] [2019-12-01T16:25:55.342Z] [functions] Runtime ready! Sending request! {"socketPath":"/tmp/firebase_emulator_invocation_8212.sock"}
[debug] [2019-12-01T16:25:55.354Z] [runtime-status] Ephemeral server used! {}
[debug] [2019-12-01T16:25:55.380Z] [runtime-status] Ephemeral server survived. {}
[info] >  csv_split.length 7
[info] >  max_row 6
[info] >  csv_split [ 'Fiscal Year,General Regular Training,Recruit Training,Centralised Training,Civil Service Training,Supplementary Services,Non-emergency Ambulance Transfer Service,Cadet Induction Training,Cadet General Regular Training,Cadet Centralised Training,Cadet Exercise and Visit,Emergency Services - No. of man-hours,Emergency Services - No. of Occasions of Call-outs/operations,Members Attending Regular Training,New Members Recruited,New Cadets Recruited,Members Attending Centralised Training,Civil Servants Attending Paramedic Training - First Aid Qualifying Course,Civil Servants Attending Paramedic Training - Other Certificate/short Courses,Supplementary Services - Response to Ambulance Calls,Supplementary Services - Coverage at Public Functions,Supplementary Services - Cases Treated on Country Park Duty,Response to Non-emergency Ambulance Transfer Requests\r',
[info] >    '2013,210500,31052,34629,151512,241062,63837,12736,67085,29966,31608,4530,11,4422,467,398,3412,6198,2016,1120,2244,2495,15990\r',
[info] >    '2014,225788,31474,34683,149064,240850,63530,18432,87006,35512,38212,5435,9,4322,532,600,3600,6093,1891,1350,2476,1857,15551\r',
[info] >    '2015,233898,30770,34620,151720,240200,63900,18400,107190,42420,44140,2080,14,4420,559,578,3434,5940,1756,1086,2375,1958,15561\r',
[info] >    '2016,202167,25779,40498,143580,248152,64072,15360,110728,47458,46270,7017,7,4372,525,480,3651,5946,1920,1006,2569,3149,13523\r',
[info] >    '2017,202805,26040,28696,165307,262682,62051,19252,126522,51815,49836,8866,2,4368,520,599,4425,6305,1765,1091,2498,3409,12727\r',
[info] >    '' ]
[info] >  result [ 'Fiscal Year,General Regular Training,Recruit Training,Centralised Training,Civil Service Training,Supplementary Services,Non-emergency Ambulance Transfer Service,Cadet Induction Training,Cadet General Regular Training,Cadet Centralised Training,Cadet Exercise and Visit,Emergency Services - No. of man-hours,Emergency Services - No. of Occasions of Call-outs/operations,Members Attending Regular Training,New Members Recruited,New Cadets Recruited,Members Attending Centralised Training,Civil Servants Attending Paramedic Training - First Aid Qualifying Course,Civil Servants Attending Paramedic Training - Other Certificate/short Courses,Supplementary Services - Response to Ambulance Calls,Supplementary Services - Coverage at Public Functions,Supplementary Services - Cases Treated on Country Park Duty,Response to Non-emergency Ambulance Transfer Requests\r',
[info] >    '2013,210500,31052,34629,151512,241062,63837,12736,67085,29966,31608,4530,11,4422,467,398,3412,6198,2016,1120,2244,2495,15990\r',
[info] >    '2014,225788,31474,34683,149064,240850,63530,18432,87006,35512,38212,5435,9,4322,532,600,3600,6093,1891,1350,2476,1857,15551\r',
[info] >    '2015,233898,30770,34620,151720,240200,63900,18400,107190,42420,44140,2080,14,4420,559,578,3434,5940,1756,1086,2375,1958,15561\r',
[info] >    '2016,202167,25779,40498,143580,248152,64072,15360,110728,47458,46270,7017,7,4372,525,480,3651,5946,1920,1006,2569,3149,13523\r' ]
[info] i  functions: Finished "getCSV" in ~1s
[debug] [2019-12-01T16:25:55.587Z] [worker-getCSV-3d787ea9-737d-47e5-80b4-be4c7d603d0a]: IDLE
[debug] [2019-12-01T16:26:00.285Z] File /home/logic/_workspace/vote-registration-statistic/doc_gen/functions/index.js changed, reloading triggers
[debug] [2019-12-01T16:26:01.286Z] [worker-pool]: Shutting down IDLE worker (getCSV)
[debug] [2019-12-01T16:26:01.292Z] [worker-~diagnostic~-77759cff-a309-4227-b345-c4fd4a7e98bd]: BUSY
[debug] [2019-12-01T16:26:01.296Z] [worker-getCSV-3d787ea9-737d-47e5-80b4-be4c7d603d0a]: exited
[debug] [2019-12-01T16:26:01.296Z] [worker-getCSV-3d787ea9-737d-47e5-80b4-be4c7d603d0a]: FINISHED
[debug] [2019-12-01T16:26:01.716Z] [runtime-status] Functions runtime initialized. {"cwd":"/home/logic/_workspace/vote-registration-statistic/doc_gen/functions","node_version":"8.16.2"}
[debug] [2019-12-01T16:26:01.721Z] [runtime-status] Disabled runtime features: {"functions_config_helper":true,"network_filtering":true,"timeout":true,"memory_limiting":true,"admin_stubs":true} {}
[debug] [2019-12-01T16:26:01.725Z] [runtime-status] Resolved module firebase-admin {"declared":true,"installed":true,"version":"8.8.0","resolution":"/home/logic/_workspace/vote-registration-statistic/doc_gen/node_modules/firebase-admin/lib/index.js"}
[debug] [2019-12-01T16:26:01.727Z] [runtime-status] Resolved module firebase-functions {"declared":true,"installed":true,"version":"3.3.0","resolution":"/home/logic/_workspace/vote-registration-statistic/doc_gen/node_modules/firebase-functions/lib/index.js"}
[debug] [2019-12-01T16:26:01.728Z] [runtime-status] Resolved module firebase-functions {"declared":true,"installed":true,"version":"3.3.0","resolution":"/home/logic/_workspace/vote-registration-statistic/doc_gen/node_modules/firebase-functions/lib/index.js"}
[debug] [2019-12-01T16:26:01.840Z] [worker-~diagnostic~-77759cff-a309-4227-b345-c4fd4a7e98bd]: exited
[debug] [2019-12-01T16:26:01.841Z] [worker-~diagnostic~-77759cff-a309-4227-b345-c4fd4a7e98bd]: FINISHED
[debug] [2019-12-01T16:32:22.948Z] File /home/logic/_workspace/vote-registration-statistic/doc_gen/functions/index.js changed, reloading triggers
[debug] [2019-12-01T16:32:23.956Z] [worker-~diagnostic~-01c07976-5bec-453d-986c-bd231be07970]: BUSY
[debug] [2019-12-01T16:32:24.355Z] [runtime-status] Functions runtime initialized. {"cwd":"/home/logic/_workspace/vote-registration-statistic/doc_gen/functions","node_version":"8.16.2"}
[debug] [2019-12-01T16:32:24.359Z] [runtime-status] Disabled runtime features: {"functions_config_helper":true,"network_filtering":true,"timeout":true,"memory_limiting":true,"admin_stubs":true} {}
[debug] [2019-12-01T16:32:24.361Z] [runtime-status] Resolved module firebase-admin {"declared":true,"installed":true,"version":"8.8.0","resolution":"/home/logic/_workspace/vote-registration-statistic/doc_gen/node_modules/firebase-admin/lib/index.js"}
[debug] [2019-12-01T16:32:24.363Z] [runtime-status] Resolved module firebase-functions {"declared":true,"installed":true,"version":"3.3.0","resolution":"/home/logic/_workspace/vote-registration-statistic/doc_gen/node_modules/firebase-functions/lib/index.js"}
[debug] [2019-12-01T16:32:24.364Z] [runtime-status] Resolved module firebase-functions {"declared":true,"installed":true,"version":"3.3.0","resolution":"/home/logic/_workspace/vote-registration-statistic/doc_gen/node_modules/firebase-functions/lib/index.js"}
[debug] [2019-12-01T16:32:24.462Z] [worker-~diagnostic~-01c07976-5bec-453d-986c-bd231be07970]: exited
[debug] [2019-12-01T16:32:24.462Z] [worker-~diagnostic~-01c07976-5bec-453d-986c-bd231be07970]: FINISHED
[debug] [2019-12-01T16:32:29.570Z] Accepted request GET /data-gov-hk-tryout/us-central1/getCSV?q=https://www.ams.gov.hk/amsopendata/keyPerformanceMeasure_en.csv&max_row=6 --> getCSV
[debug] [2019-12-01T16:32:29.577Z] [worker-getCSV-ff479efb-9d1a-4458-b72b-e3b20a6d86ed]: BUSY
[debug] [2019-12-01T16:32:30.172Z] [runtime-status] Functions runtime initialized. {"cwd":"/home/logic/_workspace/vote-registration-statistic/doc_gen/functions","node_version":"8.16.2"}
[debug] [2019-12-01T16:32:30.175Z] [runtime-status] Disabled runtime features: {"functions_config_helper":true,"network_filtering":true,"timeout":true,"memory_limiting":true,"admin_stubs":true} {}
[debug] [2019-12-01T16:32:30.178Z] [runtime-status] Resolved module firebase-admin {"declared":true,"installed":true,"version":"8.8.0","resolution":"/home/logic/_workspace/vote-registration-statistic/doc_gen/node_modules/firebase-admin/lib/index.js"}
[debug] [2019-12-01T16:32:30.179Z] [runtime-status] Resolved module firebase-functions {"declared":true,"installed":true,"version":"3.3.0","resolution":"/home/logic/_workspace/vote-registration-statistic/doc_gen/node_modules/firebase-functions/lib/index.js"}
[debug] [2019-12-01T16:32:30.180Z] [runtime-status] Resolved module firebase-functions {"declared":true,"installed":true,"version":"3.3.0","resolution":"/home/logic/_workspace/vote-registration-statistic/doc_gen/node_modules/firebase-functions/lib/index.js"}
[debug] [2019-12-01T16:32:30.264Z] [runtime-status] Trigger "getCSV" has been found, beginning invocation! {}
[info] i  functions: Beginning execution of "getCSV"
[debug] [2019-12-01T16:32:30.264Z] [runtime-status]  {"httpsTrigger":{},"name":"getCSV","entryPoint":"getCSV"}
[debug] [2019-12-01T16:32:30.264Z] [runtime-status] Running getCSV in mode HTTPS {}
[debug] [2019-12-01T16:32:30.277Z] {"socketPath":"/tmp/firebase_emulator_invocation_8646.sock"}
[debug] [2019-12-01T16:32:30.278Z] [functions] Runtime ready! Sending request! {"socketPath":"/tmp/firebase_emulator_invocation_8646.sock"}
[debug] [2019-12-01T16:32:30.289Z] [runtime-status] Ephemeral server used! {}
[debug] [2019-12-01T16:32:30.315Z] [runtime-status] Ephemeral server survived. {}
[info] >  csv_split.length 7
[info] >  max_row 6
[info] >  csv_split [ 'Fiscal Year,General Regular Training,Recruit Training,Centralised Training,Civil Service Training,Supplementary Services,Non-emergency Ambulance Transfer Service,Cadet Induction Training,Cadet General Regular Training,Cadet Centralised Training,Cadet Exercise and Visit,Emergency Services - No. of man-hours,Emergency Services - No. of Occasions of Call-outs/operations,Members Attending Regular Training,New Members Recruited,New Cadets Recruited,Members Attending Centralised Training,Civil Servants Attending Paramedic Training - First Aid Qualifying Course,Civil Servants Attending Paramedic Training - Other Certificate/short Courses,Supplementary Services - Response to Ambulance Calls,Supplementary Services - Coverage at Public Functions,Supplementary Services - Cases Treated on Country Park Duty,Response to Non-emergency Ambulance Transfer Requests\r',
[info] >    '2013,210500,31052,34629,151512,241062,63837,12736,67085,29966,31608,4530,11,4422,467,398,3412,6198,2016,1120,2244,2495,15990\r',
[info] >    '2014,225788,31474,34683,149064,240850,63530,18432,87006,35512,38212,5435,9,4322,532,600,3600,6093,1891,1350,2476,1857,15551\r',
[info] >    '2015,233898,30770,34620,151720,240200,63900,18400,107190,42420,44140,2080,14,4420,559,578,3434,5940,1756,1086,2375,1958,15561\r',
[info] >    '2016,202167,25779,40498,143580,248152,64072,15360,110728,47458,46270,7017,7,4372,525,480,3651,5946,1920,1006,2569,3149,13523\r',
[info] >    '2017,202805,26040,28696,165307,262682,62051,19252,126522,51815,49836,8866,2,4368,520,599,4425,6305,1765,1091,2498,3409,12727\r',
[info] >    '' ]
[info] >  result [ 'Fiscal Year,General Regular Training,Recruit Training,Centralised Training,Civil Service Training,Supplementary Services,Non-emergency Ambulance Transfer Service,Cadet Induction Training,Cadet General Regular Training,Cadet Centralised Training,Cadet Exercise and Visit,Emergency Services - No. of man-hours,Emergency Services - No. of Occasions of Call-outs/operations,Members Attending Regular Training,New Members Recruited,New Cadets Recruited,Members Attending Centralised Training,Civil Servants Attending Paramedic Training - First Aid Qualifying Course,Civil Servants Attending Paramedic Training - Other Certificate/short Courses,Supplementary Services - Response to Ambulance Calls,Supplementary Services - Coverage at Public Functions,Supplementary Services - Cases Treated on Country Park Duty,Response to Non-emergency Ambulance Transfer Requests\r',
[info] >    '2013,210500,31052,34629,151512,241062,63837,12736,67085,29966,31608,4530,11,4422,467,398,3412,6198,2016,1120,2244,2495,15990\r',
[info] >    '2014,225788,31474,34683,149064,240850,63530,18432,87006,35512,38212,5435,9,4322,532,600,3600,6093,1891,1350,2476,1857,15551\r',
[info] >    '2015,233898,30770,34620,151720,240200,63900,18400,107190,42420,44140,2080,14,4420,559,578,3434,5940,1756,1086,2375,1958,15561\r',
[info] >    '2016,202167,25779,40498,143580,248152,64072,15360,110728,47458,46270,7017,7,4372,525,480,3651,5946,1920,1006,2569,3149,13523\r' ]
[info] i  functions: Finished "getCSV" in ~1s
[debug] [2019-12-01T16:32:30.943Z] [worker-getCSV-ff479efb-9d1a-4458-b72b-e3b20a6d86ed]: IDLE
